#
# A fatal error has been detected by the Java Runtime Environment:
#
#  SIGBUS (0xa) at pc=0x0000000103fda424, pid=11139, tid=4867
#
# JRE version: OpenJDK Runtime Environment Zulu15.36+13-CA (15.0.5+3) (build 15.0.5+3-MTS)
# Java VM: OpenJDK 64-Bit Server VM Zulu15.36+13-CA (15.0.5+3-MTS, mixed mode, tiered, compressed oops, g1 gc, bsd-aarch64)
# Problematic frame:
# V  [libjvm.dylib+0x88a424]  MarkActivationClosure::do_code_blob(CodeBlob*)+0x3c
#
# No core dump will be written. Core dumps have been disabled. To enable core dumping, try "ulimit -c unlimited" before starting Java again
#
# If you would like to submit a bug report, please visit:
#   http://www.azul.com/support/
#

---------------  S U M M A R Y ------------

Command Line: -agentlib:jdwp=transport=dt_socket,server=n,suspend=y,address=127.0.0.1:52770 -Dfile.encoding=UTF-8 -Duser.country=KR -Duser.language=ko -Duser.variant refrigerator.back.BackApplication

Host: MacBookPro17,1 arm64 1 MHz, 8 cores, 16G, Darwin 22.2.0
Time: Thu May 18 14:04:55 2023 KST elapsed time: 2.579042 seconds (0d 0h 0m 2s)

---------------  T H R E A D  ---------------

Current thread (0x000000011d013600):  JavaThread "main" [_thread_in_vm, id=4867, stack(0x000000016d630000,0x000000016d833000)]

Stack: [0x000000016d630000,0x000000016d833000],  sp=0x000000016d82e9c0,  free space=2042k
Native frames: (J=compiled Java code, A=aot compiled Java code, j=interpreted, Vv=VM code, C=native code)
V  [libjvm.dylib+0x88a424]  MarkActivationClosure::do_code_blob(CodeBlob*)+0x3c
V  [libjvm.dylib+0x8c5c68]  JavaThread::nmethods_do(CodeBlobClosure*)+0x80
V  [libjvm.dylib+0x389c0c]  HandshakeState::process_self_inner()+0x170
V  [libjvm.dylib+0x79dd6c]  SafepointMechanism::block_if_requested_slow(JavaThread*)+0x74
V  [libjvm.dylib+0x55e6e8]  jvmti_SetTag(_jvmtiEnv*, _jobject*, long)+0x1a4
C  [libjdwp.dylib+0xd160]  classTrack_addPreparedClass+0x1f4
C  [libjdwp.dylib+0x17e18]  event_callback+0x1ec
C  [libjdwp.dylib+0x15934]  cbClassPrepare+0xc0
V  [libjvm.dylib+0x5a3e0c]  JvmtiExport::post_class_prepare(JavaThread*, Klass*)+0x2c8
V  [libjvm.dylib+0x3c1ea8]  InstanceKlass::link_class_impl(Thread*)+0x3c8
V  [libjvm.dylib+0x3c1f94]  InstanceKlass::initialize_impl(Thread*)+0x58
V  [libjvm.dylib+0x5f0dd0]  LinkResolver::resolve_field(fieldDescriptor&, LinkInfo const&, Bytecodes::Code, bool, Thread*)+0x2d4
V  [libjvm.dylib+0x5f0ae0]  LinkResolver::resolve_field_access(fieldDescriptor&, constantPoolHandle const&, int, methodHandle const&, Bytecodes::Code, Thread*)+0x50
V  [libjvm.dylib+0x3d916c]  InterpreterRuntime::resolve_get_put(JavaThread*, Bytecodes::Code)+0x13c
V  [libjvm.dylib+0x3da570]  InterpreterRuntime::resolve_from_cache(JavaThread*, Bytecodes::Code)+0x5c
j  net.bytebuddy.utility.JavaType.load()Ljava/lang/Class;+29
j  net.bytebuddy.utility.JavaType.doIsAvailable()Ljava/lang/Boolean;+20
j  net.bytebuddy.utility.JavaType.isAvailable()Z+1
j  net.bytebuddy.dynamic.loading.ClassInjector$UsingLookup.isAvailable()Z+3
j  org.hibernate.bytecode.spi.ClassLoadingStrategyHelper.resolveClassLoadingStrategy(Ljava/lang/Class;)Lnet/bytebuddy/dynamic/loading/ClassLoadingStrategy;+0
j  org.hibernate.bytecode.internal.bytebuddy.ByteBuddyState.lambda$load$0(Ljava/util/function/Function;Ljava/lang/Class;)Ljava/lang/Class;+22
j  org.hibernate.bytecode.internal.bytebuddy.ByteBuddyState$$Lambda$928+0x00000003007e7cf8.call()Ljava/lang/Object;+12
j  net.bytebuddy.TypeCache.findOrInsert(Ljava/lang/ClassLoader;Ljava/lang/Object;Ljava/util/concurrent/Callable;)Ljava/lang/Class;+20
j  net.bytebuddy.TypeCache.findOrInsert(Ljava/lang/ClassLoader;Ljava/lang/Object;Ljava/util/concurrent/Callable;Ljava/lang/Object;)Ljava/lang/Class;+26
j  org.hibernate.bytecode.internal.bytebuddy.ByteBuddyState.load(Ljava/lang/Class;Lnet/bytebuddy/TypeCache;Lnet/bytebuddy/TypeCache$SimpleKey;Ljava/util/function/Function;)Ljava/lang/Class;+16
j  org.hibernate.bytecode.internal.bytebuddy.ByteBuddyState.loadProxy(Ljava/lang/Class;Lnet/bytebuddy/TypeCache$SimpleKey;Ljava/util/function/Function;)Ljava/lang/Class;+8
j  org.hibernate.proxy.pojo.bytebuddy.ByteBuddyProxyHelper.buildProxy(Ljava/lang/Class;[Ljava/lang/Class;)Ljava/lang/Class;+62
j  org.hibernate.proxy.pojo.bytebuddy.ByteBuddyProxyFactory.postInstantiate(Ljava/lang/String;Ljava/lang/Class;Ljava/util/Set;Ljava/lang/reflect/Method;Ljava/lang/reflect/Method;Lorg/hibernate/type/CompositeType;)V+55
j  org.hibernate.tuple.entity.PojoEntityTuplizer.buildProxyFactory(Lorg/hibernate/mapping/PersistentClass;Lorg/hibernate/property/access/spi/Getter;Lorg/hibernate/property/access/spi/Setter;)Lorg/hibernate/proxy/ProxyFactory;+104
j  org.hibernate.tuple.entity.AbstractEntityTuplizer.<init>(Lorg/hibernate/tuple/entity/EntityMetamodel;Lorg/hibernate/mapping/PersistentClass;)V+198
j  org.hibernate.tuple.entity.PojoEntityTuplizer.<init>(Lorg/hibernate/tuple/entity/EntityMetamodel;Lorg/hibernate/mapping/PersistentClass;)V+3
v  ~StubRoutines::call_stub
V  [libjvm.dylib+0x3e0588]  JavaCalls::call_helper(JavaValue*, methodHandle const&, JavaCallArguments*, Thread*)+0x324
V  [libjvm.dylib+0x782348]  invoke(InstanceKlass*, methodHandle const&, Handle, bool, objArrayHandle, BasicType, objArrayHandle, bool, Thread*)+0x724
V  [libjvm.dylib+0x782adc]  Reflection::invoke_constructor(oopDesc*, objArrayHandle, Thread*)+0x1c0
V  [libjvm.dylib+0x49258c]  JVM_NewInstanceFromConstructor+0x18c
J 1988  jdk.internal.reflect.NativeConstructorAccessorImpl.newInstance0(Ljava/lang/reflect/Constructor;[Ljava/lang/Object;)Ljava/lang/Object; java.base@15.0.5 (0 bytes) @ 0x00000001136b2760 [0x00000001136b26c0+0x00000000000000a0]
C  0x000000030078d668

Java frames: (J=compiled Java code, j=interpreted, Vv=VM code)
j  net.bytebuddy.utility.JavaType.load()Ljava/lang/Class;+29
j  net.bytebuddy.utility.JavaType.doIsAvailable()Ljava/lang/Boolean;+20
j  net.bytebuddy.utility.JavaType.isAvailable()Z+1
j  net.bytebuddy.dynamic.loading.ClassInjector$UsingLookup.isAvailable()Z+3
j  org.hibernate.bytecode.spi.ClassLoadingStrategyHelper.resolveClassLoadingStrategy(Ljava/lang/Class;)Lnet/bytebuddy/dynamic/loading/ClassLoadingStrategy;+0
j  org.hibernate.bytecode.internal.bytebuddy.ByteBuddyState.lambda$load$0(Ljava/util/function/Function;Ljava/lang/Class;)Ljava/lang/Class;+22
j  org.hibernate.bytecode.internal.bytebuddy.ByteBuddyState$$Lambda$928+0x00000003007e7cf8.call()Ljava/lang/Object;+12
j  net.bytebuddy.TypeCache.findOrInsert(Ljava/lang/ClassLoader;Ljava/lang/Object;Ljava/util/concurrent/Callable;)Ljava/lang/Class;+20
j  net.bytebuddy.TypeCache.findOrInsert(Ljava/lang/ClassLoader;Ljava/lang/Object;Ljava/util/concurrent/Callable;Ljava/lang/Object;)Ljava/lang/Class;+26
j  org.hibernate.bytecode.internal.bytebuddy.ByteBuddyState.load(Ljava/lang/Class;Lnet/bytebuddy/TypeCache;Lnet/bytebuddy/TypeCache$SimpleKey;Ljava/util/function/Function;)Ljava/lang/Class;+16
j  org.hibernate.bytecode.internal.bytebuddy.ByteBuddyState.loadProxy(Ljava/lang/Class;Lnet/bytebuddy/TypeCache$SimpleKey;Ljava/util/function/Function;)Ljava/lang/Class;+8
j  org.hibernate.proxy.pojo.bytebuddy.ByteBuddyProxyHelper.buildProxy(Ljava/lang/Class;[Ljava/lang/Class;)Ljava/lang/Class;+62
j  org.hibernate.proxy.pojo.bytebuddy.ByteBuddyProxyFactory.postInstantiate(Ljava/lang/String;Ljava/lang/Class;Ljava/util/Set;Ljava/lang/reflect/Method;Ljava/lang/reflect/Method;Lorg/hibernate/type/CompositeType;)V+55
j  org.hibernate.tuple.entity.PojoEntityTuplizer.buildProxyFactory(Lorg/hibernate/mapping/PersistentClass;Lorg/hibernate/property/access/spi/Getter;Lorg/hibernate/property/access/spi/Setter;)Lorg/hibernate/proxy/ProxyFactory;+104
j  org.hibernate.tuple.entity.AbstractEntityTuplizer.<init>(Lorg/hibernate/tuple/entity/EntityMetamodel;Lorg/hibernate/mapping/PersistentClass;)V+198
j  org.hibernate.tuple.entity.PojoEntityTuplizer.<init>(Lorg/hibernate/tuple/entity/EntityMetamodel;Lorg/hibernate/mapping/PersistentClass;)V+3
v  ~StubRoutines::call_stub
J 1988  jdk.internal.reflect.NativeConstructorAccessorImpl.newInstance0(Ljava/lang/reflect/Constructor;[Ljava/lang/Object;)Ljava/lang/Object; java.base@15.0.5 (0 bytes) @ 0x00000001136b2764 [0x00000001136b26c0+0x00000000000000a4]
J 2033 c1 jdk.internal.reflect.NativeConstructorAccessorImpl.newInstance([Ljava/lang/Object;)Ljava/lang/Object; java.base@15.0.5 (102 bytes) @ 0x000000010c4b90c8 [0x000000010c4b8dc0+0x0000000000000308]
J 1693 c1 jdk.internal.reflect.DelegatingConstructorAccessorImpl.newInstance([Ljava/lang/Object;)Ljava/lang/Object; java.base@15.0.5 (9 bytes) @ 0x000000010c42400c [0x000000010c423ec0+0x000000000000014c]
J 1692 c1 java.lang.reflect.Constructor.newInstanceWithCaller([Ljava/lang/Object;ZLjava/lang/Class;)Ljava/lang/Object; java.base@15.0.5 (75 bytes) @ 0x000000010c4238cc [0x000000010c423640+0x000000000000028c]
J 1735 c1 java.lang.reflect.Constructor.newInstance([Ljava/lang/Object;)Ljava/lang/Object; java.base@15.0.5 (34 bytes) @ 0x000000010c433a3c [0x000000010c4338c0+0x000000000000017c]
j  org.hibernate.tuple.entity.EntityTuplizerFactory.constructTuplizer(Ljava/lang/Class;Lorg/hibernate/tuple/entity/EntityMetamodel;Lorg/hibernate/mapping/PersistentClass;)Lorg/hibernate/tuple/entity/EntityTuplizer;+70
j  org.hibernate.tuple.entity.EntityTuplizerFactory.constructDefaultTuplizer(Lorg/hibernate/EntityMode;Lorg/hibernate/tuple/entity/EntityMetamodel;Lorg/hibernate/mapping/PersistentClass;)Lorg/hibernate/tuple/entity/EntityTuplizer;+57
j  org.hibernate.tuple.entity.EntityMetamodel.<init>(Lorg/hibernate/mapping/PersistentClass;Lorg/hibernate/persister/entity/EntityPersister;Lorg/hibernate/persister/spi/PersisterCreationContext;)V+1814
j  org.hibernate.persister.entity.AbstractEntityPersister.<init>(Lorg/hibernate/mapping/PersistentClass;Lorg/hibernate/cache/spi/access/EntityDataAccess;Lorg/hibernate/cache/spi/access/NaturalIdDataAccess;Lorg/hibernate/persister/spi/PersisterCreationContext;)V+176
j  org.hibernate.persister.entity.SingleTableEntityPersister.<init>(Lorg/hibernate/mapping/PersistentClass;Lorg/hibernate/cache/spi/access/EntityDataAccess;Lorg/hibernate/cache/spi/access/NaturalIdDataAccess;Lorg/hibernate/persister/spi/PersisterCreationContext;)V+6
v  ~StubRoutines::call_stub
J 1988  jdk.internal.reflect.NativeConstructorAccessorImpl.newInstance0(Ljava/lang/reflect/Constructor;[Ljava/lang/Object;)Ljava/lang/Object; java.base@15.0.5 (0 bytes) @ 0x00000001136b2764 [0x00000001136b26c0+0x00000000000000a4]
J 2033 c1 jdk.internal.reflect.NativeConstructorAccessorImpl.newInstance([Ljava/lang/Object;)Ljava/lang/Object; java.base@15.0.5 (102 bytes) @ 0x000000010c4b90c8 [0x000000010c4b8dc0+0x0000000000000308]
J 1693 c1 jdk.internal.reflect.DelegatingConstructorAccessorImpl.newInstance([Ljava/lang/Object;)Ljava/lang/Object; java.base@15.0.5 (9 bytes) @ 0x000000010c42400c [0x000000010c423ec0+0x000000000000014c]
J 1692 c1 java.lang.reflect.Constructor.newInstanceWithCaller([Ljava/lang/Object;ZLjava/lang/Class;)Ljava/lang/Object; java.base@15.0.5 (75 bytes) @ 0x000000010c4238cc [0x000000010c423640+0x000000000000028c]
J 1735 c1 java.lang.reflect.Constructor.newInstance([Ljava/lang/Object;)Ljava/lang/Object; java.base@15.0.5 (34 bytes) @ 0x000000010c433a3c [0x000000010c4338c0+0x000000000000017c]
j  org.hibernate.persister.internal.PersisterFactoryImpl.createEntityPersister(Ljava/lang/Class;Lorg/hibernate/mapping/PersistentClass;Lorg/hibernate/cache/spi/access/EntityDataAccess;Lorg/hibernate/cache/spi/access/NaturalIdDataAccess;Lorg/hibernate/persister/spi/PersisterCreationContext;)Lorg/hibernate/persister/entity/EntityPersister;+33
j  org.hibernate.persister.internal.PersisterFactoryImpl.createEntityPersister(Lorg/hibernate/mapping/PersistentClass;Lorg/hibernate/cache/spi/access/EntityDataAccess;Lorg/hibernate/cache/spi/access/NaturalIdDataAccess;Lorg/hibernate/persister/spi/PersisterCreationContext;)Lorg/hibernate/persister/entity/EntityPersister;+41
j  org.hibernate.metamodel.internal.MetamodelImpl.initialize(Lorg/hibernate/boot/spi/MetadataImplementor;Lorg/hibernate/metamodel/internal/JpaMetaModelPopulationSetting;)V+148
j  org.hibernate.internal.SessionFactoryImpl.<init>(Lorg/hibernate/boot/spi/MetadataImplementor;Lorg/hibernate/boot/spi/SessionFactoryOptions;Lorg/hibernate/engine/query/spi/QueryPlanCache$QueryPlanCreator;)V+761
j  org.hibernate.boot.internal.SessionFactoryBuilderImpl.build()Lorg/hibernate/SessionFactory;+64
j  org.hibernate.jpa.boot.internal.EntityManagerFactoryBuilderImpl.build()Ljavax/persistence/EntityManagerFactory;+22
j  org.springframework.orm.jpa.vendor.SpringHibernateJpaPersistenceProvider.createContainerEntityManagerFactory(Ljavax/persistence/spi/PersistenceUnitInfo;Ljava/util/Map;)Ljavax/persistence/EntityManagerFactory;+55
j  org.springframework.orm.jpa.LocalContainerEntityManagerFactoryBean.createNativeEntityManagerFactory()Ljavax/persistence/EntityManagerFactory;+129
j  org.springframework.orm.jpa.AbstractEntityManagerFactoryBean.buildNativeEntityManagerFactory()Ljavax/persistence/EntityManagerFactory;+1
j  org.springframework.orm.jpa.AbstractEntityManagerFactoryBean.afterPropertiesSet()V+192
j  org.springframework.orm.jpa.LocalContainerEntityManagerFactoryBean.afterPropertiesSet()V+77
j  org.springframework.beans.factory.support.AbstractAutowireCapableBeanFactory.invokeInitMethods(Ljava/lang/String;Ljava/lang/Object;Lorg/springframework/beans/factory/support/RootBeanDefinition;)V+106
j  org.springframework.beans.factory.support.AbstractAutowireCapableBeanFactory.initializeBean(Ljava/lang/String;Ljava/lang/Object;Lorg/springframework/beans/factory/support/RootBeanDefinition;)Ljava/lang/Object;+59
j  org.springframework.beans.factory.support.AbstractAutowireCapableBeanFactory.doCreateBean(Ljava/lang/String;Lorg/springframework/beans/factory/support/RootBeanDefinition;[Ljava/lang/Object;)Ljava/lang/Object;+245
j  org.springframework.beans.factory.support.AbstractAutowireCapableBeanFactory.createBean(Ljava/lang/String;Lorg/springframework/beans/factory/support/RootBeanDefinition;[Ljava/lang/Object;)Ljava/lang/Object;+169
j  org.springframework.beans.factory.support.AbstractBeanFactory.lambda$doGetBean$0(Ljava/lang/String;Lorg/springframework/beans/factory/support/RootBeanDefinition;[Ljava/lang/Object;)Ljava/lang/Object;+4
j  org.springframework.beans.factory.support.AbstractBeanFactory$$Lambda$254+0x00000003002784e8.getObject()Ljava/lang/Object;+16
j  org.springframework.beans.factory.support.DefaultSingletonBeanRegistry.getSingleton(Ljava/lang/String;Lorg/springframework/beans/factory/ObjectFactory;)Ljava/lang/Object;+132
J 3596 c1 org.springframework.beans.factory.support.AbstractBeanFactory.doGetBean(Ljava/lang/String;Ljava/lang/Class;[Ljava/lang/Object;Z)Ljava/lang/Object; (832 bytes) @ 0x000000010c817484 [0x000000010c816fc0+0x00000000000004c4]
j  org.springframework.beans.factory.support.AbstractBeanFactory.getBean(Ljava/lang/String;)Ljava/lang/Object;+5
j  org.springframework.context.support.AbstractApplicationContext.getBean(Ljava/lang/String;)Ljava/lang/Object;+9
j  org.springframework.context.support.AbstractApplicationContext.finishBeanFactoryInitialization(Lorg/springframework/beans/factory/config/ConfigurableListableBeanFactory;)V+100
j  org.springframework.context.support.AbstractApplicationContext.refresh()V+86
j  org.springframework.boot.web.servlet.context.ServletWebServerApplicationContext.refresh()V+1
j  org.springframework.boot.SpringApplication.refresh(Lorg/springframework/context/ConfigurableApplicationContext;)V+1
j  org.springframework.boot.SpringApplication.refreshContext(Lorg/springframework/context/ConfigurableApplicationContext;)V+16
j  org.springframework.boot.SpringApplication.run([Ljava/lang/String;)Lorg/springframework/context/ConfigurableApplicationContext;+107
j  org.springframework.boot.SpringApplication.run([Ljava/lang/Class;[Ljava/lang/String;)Lorg/springframework/context/ConfigurableApplicationContext;+9
j  org.springframework.boot.SpringApplication.run(Ljava/lang/Class;[Ljava/lang/String;)Lorg/springframework/context/ConfigurableApplicationContext;+9
j  refrigerator.back.BackApplication.main([Ljava/lang/String;)V+3
v  ~StubRoutines::call_stub

siginfo: si_signo: 10 (SIGBUS), si_code: 1 (BUS_ADRALN), si_addr: 0x00000001136b2658

Register to memory mapping:

 x0=0x00000001042a40e8: _MergedGlobals+0 in /Library/Java/JavaVirtualMachines/zulu-15.jdk/Contents/Home/lib/server/libjvm.dylib at 0x0000000103750000
 x1=0x00000001136b2510 is at entry_point+-432 in (nmethod*)0x00000001136b2510
 x2=0x0000000103fda3e8: _ZN21MarkActivationClosure12do_code_blobEP8CodeBlob+0 in /Library/Java/JavaVirtualMachines/zulu-15.jdk/Contents/Home/lib/server/libjvm.dylib at 0x0000000103750000
 x3=0x0000000fffffc088 points into unknown readable memory: 0x0000000000000000 | 00 00 00 00 00 00 00 00
 x4=0x0000000000000007 is an unknown value
 x5=0x00000000000013c0 is an unknown value
 x6=0x0 is NULL
 x7=0x0 is NULL
 x8=0x0000000104250000: _ZN12StubRoutines10_jint_fillE+0 in /Library/Java/JavaVirtualMachines/zulu-15.jdk/Contents/Home/lib/server/libjvm.dylib at 0x0000000103750000
 x9=0x00000000000001e0 is an unknown value
x10=0x000000000000144a is an unknown value
x11=0x0000000102b0c000 points into unknown readable memory: 0x0100050403020100 | 00 01 02 03 04 05 00 01
x12=0x000000000000144a is an unknown value
x13=0x0 is NULL
x14=0x000000000000007a is an unknown value
x15=0x000000016d82f018 is pointing into the stack for thread: 0x000000011d013600
x16=0x0c00000000000000 is an unknown value
x17=0x00000001f22111d0 points into unknown readable memory: 0x0000000192096ba0 | a0 6b 09 92 01 00 00 00
x18=0x0 is NULL
x19=0x00000001136b2510 is at entry_point+-432 in (nmethod*)0x00000001136b2510
x20=0x000000011d013600 is a thread
x21=0x000000016d82ea10 is pointing into the stack for thread: 0x000000011d013600
x22=0x000000010424fee8: _ZN12StubRoutines25_call_stub_return_addressE+0 in /Library/Java/JavaVirtualMachines/zulu-15.jdk/Contents/Home/lib/server/libjvm.dylib at 0x0000000103750000
x23=0x000000011d013a54 points into unknown readable memory: 03 3c 00 00
x24=0x00000001041eb000: _type2aelembytes+0x40 in /Library/Java/JavaVirtualMachines/zulu-15.jdk/Contents/Home/lib/server/libjvm.dylib at 0x0000000103750000
x25=0x00000001029dc000: <offset 0x38000> in /Library/Java/JavaVirtualMachines/zulu-15.jdk/Contents/Home/lib/libjdwp.dylib at 0x00000001029a4000
x26=0x0 is NULL
x27=0x0000000000000006 is an unknown value
x28=0x0000000000000007 is an unknown value


Registers:
 x0=0x00000001042a40e8  x1=0x00000001136b2510  x2=0x0000000103fda3e8  x3=0x0000000fffffc088
 x4=0x0000000000000007  x5=0x00000000000013c0  x6=0x0000000000000000  x7=0x0000000000000000
 x8=0x0000000104250000  x9=0x00000000000001e0 x10=0x000000000000144a x11=0x0000000102b0c000
x12=0x000000000000144a x13=0x0000000000000000 x14=0x000000000000007a x15=0x000000016d82f018
x16=0x0c00000000000000 x17=0x00000001f22111d0 x18=0x0000000000000000 x19=0x00000001136b2510
x20=0x000000011d013600 x21=0x000000016d82ea10 x22=0x000000010424fee8 x23=0x000000011d013a54
x24=0x00000001041eb000 x25=0x00000001029dc000 x26=0x0000000000000000 x27=0x0000000000000006
x28=0x0000000000000007  fp=0x000000016d82e9d0  lr=0x0000000104015c68  sp=0x000000016d82e9c0
pc=0x0000000103fda424 cpsr=0x0000000080001000
Top of Stack: (sp=0x000000016d82e9c0)
0x000000016d82e9c0:   000000011d013600 00000001042a40e8
0x000000016d82e9d0:   000000016d82f0c0 0000000104015c68
0x000000016d82e9e0:   000000016d830880 00000001136b2764
0x000000016d82e9f0:   00000001136b2510 0000000000000000
0x000000016d82ea00:   0000000000000000 000000016d830880
0x000000016d82ea10:   0000000000000000 0000000000000000
0x000000016d82ea20:   0000000000000000 0000000000000000
0x000000016d82ea30:   0000000000000000 0000000000000000
0x000000016d82ea40:   0000000000000000 0000000103bc74dc
0x000000016d82ea50:   000000011d013998 0000000103728614
0x000000016d82ea60:   000000011d2a8fe8 000000011d013928
0x000000016d82ea70:   000000011e013580 0000000300840748
0x000000016d82ea80:   000000016d82eaa0 000000010394fda0
0x000000016d82ea90:   000000011d013600 000000011d2a1010
0x000000016d82eaa0:   000000016d82f340 00000001040557a8
0x000000016d82eab0:   0000000102935000 000000000000001e
0x000000016d82eac0:   000000011d2a1000 000000011d2a1450
0x000000016d82ead0:   000000011ce05be8 0000600002ef56e0
0x000000016d82eae0:   000000011ce05810 0000000000000005
0x000000016d82eaf0:   000000000000000e 0000000000000005
0x000000016d82eb00:   00006000004f5c20 0000600000ef0700
0x000000016d82eb10:   000000016d82eb50 0000000103ef7ab0
0x000000016d82eb20:   00000000bbabb000 0000000100000000
0x000000016d82eb30:   000000016d82ebc0 f502800191eb8034
0x000000016d82eb40:   000000016d82eb60 1375800103e2f944
0x000000016d82eb50:   0000000000000001 434f4e4502eec090
0x000000016d82eb60:   0000000700000000 0000000102900080
0x000000016d82eb70:   0000000102930a00 000000016d8330e0
0x000000016d82eb80:   000000000000001e 000000011ce2a670
0x000000016d82eb90:   000000011ce2a670 0000000000000007
0x000000016d82eba0:   000000011ce00000 0000000000000000
0x000000016d82ebb0:   0000000102900080 0000000102935000 

Instructions: (pc=0x0000000103fda424)
0x0000000103fda324:   9121a021 aa1303e0 97fa4987 d00013a8
0x0000000103fda334:   fd416d00 5e61d800 d2d09008 f2e825c8
0x0000000103fda344:   9e670101 1e611800 fd0003e0 f0000a01
0x0000000103fda354:   91221c21 aa1303e0 97fa497b d00013a8
0x0000000103fda364:   f9414908 f90003e8 f0000a01 9122d021
0x0000000103fda374:   aa1303e0 97fa4974 d00013a8 f9416108
0x0000000103fda384:   d00013a9 f9416529 a90027e8 f0000a01
0x0000000103fda394:   91236c21 aa1303e0 97fa496b d00013a8
0x0000000103fda3a4:   f9416908 d34afd08 f90003e8 f0000a01
0x0000000103fda3b4:   91246c21 aa1303e0 97fa4963 aa1403e0
0x0000000103fda3c4:   a9427bfd a9414ff4 9100c3ff 17fa53ce
0x0000000103fda3d4:   a9bf7bfd 910003fd d2800000 a8c17bfd
0x0000000103fda3e4:   d65f03c0 a9be4ff4 a9017bfd 910043fd
0x0000000103fda3f4:   aa0103f3 d00013a8 b942b909 35000129
0x0000000103fda404:   b0001089 d503201f f9425129 d354fd2a
0x0000000103fda414:   531f794a f144013f 1a9f2549 b902b909
0x0000000103fda424:   b9014a69 f9400268 f9404108 aa1303e0
0x0000000103fda434:   d63f0100 340000a0 aa1303e0 a9417bfd
0x0000000103fda444:   a8c24ff4 17f973c6 a9417bfd a8c24ff4
0x0000000103fda454:   d65f03c0 a9bf7bfd 910003fd d00013a8
0x0000000103fda464:   b942b909 34000089 b9014829 a8c17bfd
0x0000000103fda474:   d65f03c0 b0001089 d503201f f9425129
0x0000000103fda484:   d354fd2a 531f794a f144013f 1a9f2549
0x0000000103fda494:   b902b909 b9014829 a8c17bfd d65f03c0
0x0000000103fda4a4:   a9be4ff4 a9017bfd 910043fd aa0103f3
0x0000000103fda4b4:   aa0003f4 f9400028 f9402108 aa0103e0
0x0000000103fda4c4:   d63f0100 340000c0 f9400268 f9402908
0x0000000103fda4d4:   aa1303e0 d63f0100 36000080 a9417bfd
0x0000000103fda4e4:   a8c24ff4 d65f03c0 f9400a81 f9400268
0x0000000103fda4f4:   f9406d02 aa1303e0 a9417bfd a8c24ff4
0x0000000103fda504:   d61f0040 a9bc5ff8 a90157f6 a9024ff4
0x0000000103fda514:   a9037bfd 9100c3fd 39404008 34000288 


Stack slot to memory mapping:
stack at sp + 0 slots: 0x000000011d013600 is a thread
stack at sp + 1 slots: 0x00000001042a40e8: _MergedGlobals+0 in /Library/Java/JavaVirtualMachines/zulu-15.jdk/Contents/Home/lib/server/libjvm.dylib at 0x0000000103750000
stack at sp + 2 slots: 0x000000016d82f0c0 is pointing into the stack for thread: 0x000000011d013600
stack at sp + 3 slots: 0x0000000104015c68: _ZN10JavaThread11nmethods_doEP15CodeBlobClosure+0x80 in /Library/Java/JavaVirtualMachines/zulu-15.jdk/Contents/Home/lib/server/libjvm.dylib at 0x0000000103750000
stack at sp + 4 slots: 0x000000016d830880 is pointing into the stack for thread: 0x000000011d013600
stack at sp + 5 slots: 0x00000001136b2764 is at entry_point+164 in (nmethod*)0x00000001136b2510
stack at sp + 6 slots: 0x00000001136b2510 is at entry_point+-432 in (nmethod*)0x00000001136b2510
stack at sp + 7 slots: 0x0 is NULL


---------------  P R O C E S S  ---------------

Threads class SMR info:
_java_thread_list=0x000060000212c040, length=19, elements={
0x000000011d013600, 0x000000011e8d9e00, 0x000000011e8dc600, 0x000000011d069000,
0x000000011e8daa00, 0x000000011e8db000, 0x000000011e8db600, 0x000000011e8dbc00,
0x000000011f00de00, 0x000000011f00f400, 0x000000011d069600, 0x000000011e8df600,
0x000000011e8b9000, 0x0000000135a8d800, 0x000000011f520800, 0x000000011d775200,
0x000000011ee24e00, 0x000000011ef2b200, 0x000000013500c400
}

Java Threads: ( => current thread )
=>0x000000011d013600 JavaThread "main" [_thread_in_vm, id=4867, stack(0x000000016d630000,0x000000016d833000)]
  0x000000011e8d9e00 JavaThread "Reference Handler" daemon [_thread_blocked, id=19715, stack(0x000000016e484000,0x000000016e687000)]
  0x000000011e8dc600 JavaThread "Finalizer" daemon [_thread_blocked, id=17667, stack(0x000000016e690000,0x000000016e893000)]
  0x000000011d069000 JavaThread "Signal Dispatcher" daemon [_thread_blocked, id=23555, stack(0x000000016e9b4000,0x000000016ebb7000)]
  0x000000011e8daa00 JavaThread "Service Thread" daemon [_thread_blocked, id=23811, stack(0x000000016ebc0000,0x000000016edc3000)]
  0x000000011e8db000 JavaThread "C2 CompilerThread0" daemon [_thread_in_native, id=30979, stack(0x000000016edcc000,0x000000016efcf000)]
  0x000000011e8db600 JavaThread "C1 CompilerThread0" daemon [_thread_blocked, id=30211, stack(0x000000016efd8000,0x000000016f1db000)]
  0x000000011e8dbc00 JavaThread "Sweeper thread" daemon [_thread_blocked, id=24835, stack(0x000000016f1e4000,0x000000016f3e7000)]
  0x000000011f00de00 JavaThread "JDWP Transport Listener: dt_socket" daemon [_thread_blocked, id=25347, stack(0x000000016f3f0000,0x000000016f5f3000)]
  0x000000011f00f400 JavaThread "JDWP Event Helper Thread" daemon [_thread_blocked, id=26115, stack(0x000000016f5fc000,0x000000016f7ff000)]
  0x000000011d069600 JavaThread "JDWP Command Reader" daemon [_thread_in_native, id=27907, stack(0x000000016f808000,0x000000016fa0b000)]
  0x000000011e8df600 JavaThread "Notification Thread" daemon [_thread_blocked, id=27139, stack(0x000000016fa14000,0x000000016fc17000)]
  0x000000011e8b9000 JavaThread "Common-Cleaner" daemon [_thread_blocked, id=33539, stack(0x000000016fe2c000,0x000000017002f000)]
  0x0000000135a8d800 JavaThread "Catalina-utility-1" [_thread_blocked, id=40971, stack(0x0000000170a74000,0x0000000170c77000)]
  0x000000011f520800 JavaThread "Catalina-utility-2" [_thread_blocked, id=40451, stack(0x0000000170e8c000,0x000000017108f000)]
  0x000000011d775200 JavaThread "container-0" [_thread_blocked, id=36611, stack(0x0000000171098000,0x000000017129b000)]
  0x000000011ee24e00 JavaThread "mysql-cj-abandoned-connection-cleanup" daemon [_thread_blocked, id=37123, stack(0x00000001712a4000,0x00000001714a7000)]
  0x000000011ef2b200 JavaThread "HikariPool-1 housekeeper" daemon [_thread_blocked, id=38659, stack(0x00000001718c8000,0x0000000171acb000)]
  0x000000013500c400 JavaThread "HikariPool-1 connection adder" daemon [_thread_blocked, id=43779, stack(0x0000000171ad4000,0x0000000171cd7000)]

Other Threads:
  0x000000011e0128e0 VMThread "VM Thread" [stack: 0x000000016e278000,0x000000016e47b000] [id=20739] _threads_hazard_ptr=0x000060000212c040
  0x00000001035086d0 WatcherThread [stack: 0x000000016fc20000,0x000000016fe23000] [id=32771]
  0x000000011ce08640 GCTaskThread "GC Thread#0" [stack: 0x000000016d83c000,0x000000016da3f000] [id=13059]
  0x0000000103511220 GCTaskThread "GC Thread#1" [stack: 0x0000000170038000,0x000000017023b000] [id=43011]
  0x0000000103511710 GCTaskThread "GC Thread#2" [stack: 0x0000000170244000,0x0000000170447000] [id=34051]
  0x0000000103511dd0 GCTaskThread "GC Thread#3" [stack: 0x0000000170450000,0x0000000170653000] [id=42499]
  0x0000000103512880 GCTaskThread "GC Thread#4" [stack: 0x000000017065c000,0x000000017085f000] [id=34819]
  0x0000000103513330 GCTaskThread "GC Thread#5" [stack: 0x0000000170868000,0x0000000170a6b000] [id=41987]
  0x000000010355eac0 GCTaskThread "GC Thread#6" [stack: 0x00000001714b0000,0x00000001716b3000] [id=39427]
  0x000000010355f180 GCTaskThread "GC Thread#7" [stack: 0x00000001716bc000,0x00000001718bf000] [id=37891]
  0x000000011ce08f30 ConcurrentGCThread "G1 Main Marker" [stack: 0x000000016da48000,0x000000016dc4b000] [id=14595]
  0x000000011e004240 ConcurrentGCThread "G1 Conc#0" [stack: 0x000000016dc54000,0x000000016de57000] [id=13827]
  0x000000011cf3ecf0 ConcurrentGCThread "G1 Conc#1" [stack: 0x0000000170c80000,0x0000000170e83000] [id=40707]
  0x000000011e00f230 ConcurrentGCThread "G1 Refine#0" [stack: 0x000000016de60000,0x000000016e063000] [id=16643]
  0x000000011ce09b40 ConcurrentGCThread "G1 Young RemSet Sampling" [stack: 0x000000016e06c000,0x000000016e26f000] [id=16899]

Threads with active compile tasks:
C2 CompilerThread0     2585 5676       4       java.util.regex.Pattern$SliceI::match (96 bytes)

VM state: not at safepoint (normal execution)

VM Mutex/Monitor currently owned by a thread: None

Heap address: 0x00000006c0000000, size: 4096 MB, Compressed Oops mode: Zero based, Oop shift amount: 3
Compressed class space mapped at: 0x0000000300000000-0x0000000340000000, size: 1073741824
Narrow klass base: 0x0000000000000000, Narrow klass shift: 3, Narrow klass range: 0x340000000

GC Precious Log:
 CPUs: 8 total, 8 available
 Memory: 16384M
 Large Page Support: Disabled
 NUMA Support: Disabled
 Compressed Oops: Enabled (Zero based)
 Heap Region Size: 2M
 Heap Min Capacity: 8M
 Heap Initial Capacity: 256M
 Heap Max Capacity: 4G
 Pre-touch: Disabled
 Parallel Workers: 8
 Concurrent Workers: 2
 Concurrent Refinement Workers: 8
 Periodic GC: Disabled

Heap:
 garbage-first heap   total 86016K, used 58341K [0x00000006c0000000, 0x00000007c0000000)
  region size 2048K, 21 young (43008K), 3 survivors (6144K)
 Metaspace       used 64726K, capacity 65304K, committed 65520K, reserved 1105920K
  class space    used 8276K, capacity 8473K, committed 8512K, reserved 1048576K

Heap Regions: E=young(eden), S=young(survivor), O=old, HS=humongous(starts), HC=humongous(continues), CS=collection set, F=free, OA=open archive, CA=closed archive, TAMS=top-at-mark-start (previous, next)
|   0|0x00000006c0000000, 0x00000006c0200000, 0x00000006c0200000|100%| O|  |TAMS 0x00000006c0200000, 0x00000006c0000000| Untracked 
|   1|0x00000006c0200000, 0x00000006c0400000, 0x00000006c0400000|100%| O|  |TAMS 0x00000006c0400000, 0x00000006c0200000| Untracked 
|   2|0x00000006c0400000, 0x00000006c0600000, 0x00000006c0600000|100%| O|  |TAMS 0x00000006c0600000, 0x00000006c0400000| Untracked 
|   3|0x00000006c0600000, 0x00000006c0730000, 0x00000006c0800000| 59%| O|  |TAMS 0x00000006c0730000, 0x00000006c0600000| Untracked 
|   4|0x00000006c0800000, 0x00000006c0a00000, 0x00000006c0a00000|100%| O|  |TAMS 0x00000006c0a00000, 0x00000006c0800000| Untracked 
|   5|0x00000006c0a00000, 0x00000006c0c00000, 0x00000006c0c00000|100%| O|  |TAMS 0x00000006c0c00000, 0x00000006c0a00000| Untracked 
|   6|0x00000006c0c00000, 0x00000006c0e00000, 0x00000006c0e00000|100%| O|  |TAMS 0x00000006c0e00000, 0x00000006c0c00000| Untracked 
|   7|0x00000006c0e00000, 0x00000006c1000000, 0x00000006c1000000|100%| O|  |TAMS 0x00000006c1000000, 0x00000006c0e00000| Untracked 
|   8|0x00000006c1000000, 0x00000006c1200000, 0x00000006c1200000|100%| O|  |TAMS 0x00000006c1200000, 0x00000006c1000000| Untracked 
|   9|0x00000006c1200000, 0x00000006c1400000, 0x00000006c1400000|100%| O|  |TAMS 0x00000006c1270600, 0x00000006c1200000| Untracked 
|  10|0x00000006c1400000, 0x00000006c1459c00, 0x00000006c1600000| 17%| O|  |TAMS 0x00000006c1400000, 0x00000006c1400000| Untracked 
|  11|0x00000006c1600000, 0x00000006c1600000, 0x00000006c1800000|  0%| F|  |TAMS 0x00000006c1600000, 0x00000006c1600000| Untracked 
|  12|0x00000006c1800000, 0x00000006c1800000, 0x00000006c1a00000|  0%| F|  |TAMS 0x00000006c1800000, 0x00000006c1800000| Untracked 
|  13|0x00000006c1a00000, 0x00000006c1a00000, 0x00000006c1c00000|  0%| F|  |TAMS 0x00000006c1a00000, 0x00000006c1a00000| Untracked 
|  14|0x00000006c1c00000, 0x00000006c1c00000, 0x00000006c1e00000|  0%| F|  |TAMS 0x00000006c1c00000, 0x00000006c1c00000| Untracked 
|  15|0x00000006c1e00000, 0x00000006c1e00000, 0x00000006c2000000|  0%| F|  |TAMS 0x00000006c1e00000, 0x00000006c1e00000| Untracked 
|  16|0x00000006c2000000, 0x00000006c2000000, 0x00000006c2200000|  0%| F|  |TAMS 0x00000006c2000000, 0x00000006c2000000| Untracked 
|  17|0x00000006c2200000, 0x00000006c2200000, 0x00000006c2400000|  0%| F|  |TAMS 0x00000006c2200000, 0x00000006c2200000| Untracked 
|  18|0x00000006c2400000, 0x00000006c2400000, 0x00000006c2600000|  0%| F|  |TAMS 0x00000006c2400000, 0x00000006c2400000| Untracked 
|  19|0x00000006c2600000, 0x00000006c2600000, 0x00000006c2800000|  0%| F|  |TAMS 0x00000006c2600000, 0x00000006c2600000| Untracked 
|  20|0x00000006c2800000, 0x00000006c2800000, 0x00000006c2a00000|  0%| F|  |TAMS 0x00000006c2800000, 0x00000006c2800000| Untracked 
|  21|0x00000006c2a00000, 0x00000006c2c00000, 0x00000006c2c00000|100%| E|  |TAMS 0x00000006c2a00000, 0x00000006c2a00000| Complete 
|  22|0x00000006c2c00000, 0x00000006c2e00000, 0x00000006c2e00000|100%| E|CS|TAMS 0x00000006c2c00000, 0x00000006c2c00000| Complete 
|  23|0x00000006c2e00000, 0x00000006c3000000, 0x00000006c3000000|100%| E|CS|TAMS 0x00000006c2e00000, 0x00000006c2e00000| Complete 
|  24|0x00000006c3000000, 0x00000006c3200000, 0x00000006c3200000|100%| E|CS|TAMS 0x00000006c3000000, 0x00000006c3000000| Complete 
|  25|0x00000006c3200000, 0x00000006c3400000, 0x00000006c3400000|100%| E|CS|TAMS 0x00000006c3200000, 0x00000006c3200000| Complete 
|  26|0x00000006c3400000, 0x00000006c356f980, 0x00000006c3600000| 71%| S|CS|TAMS 0x00000006c3400000, 0x00000006c3400000| Complete 
|  27|0x00000006c3600000, 0x00000006c3800000, 0x00000006c3800000|100%| S|CS|TAMS 0x00000006c3600000, 0x00000006c3600000| Complete 
|  28|0x00000006c3800000, 0x00000006c3a00000, 0x00000006c3a00000|100%| S|CS|TAMS 0x00000006c3800000, 0x00000006c3800000| Complete 
|  29|0x00000006c3a00000, 0x00000006c3c00000, 0x00000006c3c00000|100%| E|CS|TAMS 0x00000006c3a00000, 0x00000006c3a00000| Complete 
|  30|0x00000006c3c00000, 0x00000006c3e00000, 0x00000006c3e00000|100%| E|CS|TAMS 0x00000006c3c00000, 0x00000006c3c00000| Complete 
|  31|0x00000006c3e00000, 0x00000006c4000000, 0x00000006c4000000|100%| E|CS|TAMS 0x00000006c3e00000, 0x00000006c3e00000| Complete 
|  32|0x00000006c4000000, 0x00000006c4200000, 0x00000006c4200000|100%| E|CS|TAMS 0x00000006c4000000, 0x00000006c4000000| Complete 
|  33|0x00000006c4200000, 0x00000006c4400000, 0x00000006c4400000|100%| E|CS|TAMS 0x00000006c4200000, 0x00000006c4200000| Complete 
|  34|0x00000006c4400000, 0x00000006c4600000, 0x00000006c4600000|100%| E|CS|TAMS 0x00000006c4400000, 0x00000006c4400000| Complete 
|  35|0x00000006c4600000, 0x00000006c4800000, 0x00000006c4800000|100%| E|  |TAMS 0x00000006c4600000, 0x00000006c4600000| Complete 
|  36|0x00000006c4800000, 0x00000006c4a00000, 0x00000006c4a00000|100%| E|CS|TAMS 0x00000006c4800000, 0x00000006c4800000| Complete 
|  37|0x00000006c4a00000, 0x00000006c4c00000, 0x00000006c4c00000|100%| E|CS|TAMS 0x00000006c4a00000, 0x00000006c4a00000| Complete 
|  38|0x00000006c4c00000, 0x00000006c4e00000, 0x00000006c4e00000|100%| E|CS|TAMS 0x00000006c4c00000, 0x00000006c4c00000| Complete 
|  39|0x00000006c4e00000, 0x00000006c5000000, 0x00000006c5000000|100%| E|CS|TAMS 0x00000006c4e00000, 0x00000006c4e00000| Complete 
|  40|0x00000006c5000000, 0x00000006c5200000, 0x00000006c5200000|100%| E|CS|TAMS 0x00000006c5000000, 0x00000006c5000000| Complete 
| 127|0x00000006cfe00000, 0x00000006d0000000, 0x00000006d0000000|100%| E|CS|TAMS 0x00000006cfe00000, 0x00000006cfe00000| Complete 

Card table byte_map: [0x000000011ab48000,0x000000011b348000] _byte_map_base: 0x0000000117548000

Marking Bits (Prev, Next): (CMBitMap*) 0x000000011d058a50, (CMBitMap*) 0x000000011d058a10
 Prev Bits: [0x000000012c000000, 0x0000000130000000)
 Next Bits: [0x0000000128000000, 0x000000012c000000)

Polling page: 0x00000001028b4000

Metaspace:

Usage:
  Non-class:     55.50 MB capacity,    55.13 MB (>99%) used,   295.84 KB ( <1%) free+waste,    84.88 KB ( <1%) overhead. 
      Class:      8.27 MB capacity,     8.08 MB ( 98%) used,   164.53 KB (  2%) free+waste,    32.06 KB ( <1%) overhead. 
       Both:     63.77 MB capacity,    63.21 MB (>99%) used,   460.37 KB ( <1%) free+waste,   116.94 KB ( <1%) overhead. 

Virtual space:
  Non-class space:       56.00 MB reserved,      55.67 MB (>99%) committed 
      Class space:        1.00 GB reserved,       8.31 MB ( <1%) committed 
             Both:        1.05 GB reserved,      63.98 MB (  6%) committed 

Chunk freelists:
   Non-Class:  49.00 KB
       Class:  7.00 KB
        Both:  56.00 KB

MaxMetaspaceSize: unlimited
CompressedClassSpaceSize: 1.00 GB

CodeHeap 'non-profiled nmethods': size=120032Kb used=2271Kb max_used=2453Kb free=117760Kb
 bounds [0x0000000113610000, 0x0000000113880000, 0x000000011ab48000]
CodeHeap 'profiled nmethods': size=120016Kb used=10190Kb max_used=11562Kb free=109825Kb
 bounds [0x000000010c0dc000, 0x000000010cc2c000, 0x0000000113610000]
CodeHeap 'non-nmethods': size=5712Kb used=1319Kb max_used=1446Kb free=4392Kb
 bounds [0x000000010bb48000, 0x000000010bdb8000, 0x000000010c0dc000]
 total_blobs=5704 nmethods=5110 adapters=507
 compilation: enabled
              stopped_count=0, restarted_count=0
 full_count=0

Compilation events (20 events):
Event: 2.569 Thread 0x000000011e8db600 5812       2       net.bytebuddy.description.type.TypeDescription$AbstractBase::asErasure (2 bytes)
Event: 2.569 Thread 0x000000011e8db600 nmethod 5812 0x000000010cc26010 code [0x000000010cc26180, 0x000000010cc262a8]
Event: 2.570 Thread 0x000000011e8db000 nmethod 5449 0x0000000113874e90 code [0x0000000113875080, 0x0000000113875500]
Event: 2.570 Thread 0x000000011e8db000 5706       4       java.util.regex.Pattern$Start::match (90 bytes)
Event: 2.571 Thread 0x000000011e8db600 5813       2       net.bytebuddy.description.ModifierReviewable$AbstractBase::isStatic (7 bytes)
Event: 2.571 Thread 0x000000011e8db600 nmethod 5813 0x000000010cc26310 code [0x000000010cc264c0, 0x000000010cc26658]
Event: 2.571 Thread 0x000000011e8db600 5814       2       net.bytebuddy.jar.asm.SymbolTable::get (13 bytes)
Event: 2.571 Thread 0x000000011e8db600 nmethod 5814 0x000000010cc26710 code [0x000000010cc26880, 0x000000010cc269e8]
Event: 2.571 Thread 0x000000011e8db600 5815       2       net.bytebuddy.implementation.bytecode.StackManipulation$Size::aggregate (13 bytes)
Event: 2.571 Thread 0x000000011e8db600 nmethod 5815 0x000000010c0f6310 code [0x000000010c0f64c0, 0x000000010c0f6658]
Event: 2.571 Thread 0x000000011e8db600 5816       2       net.bytebuddy.implementation.bytecode.StackManipulation$Size::aggregate (27 bytes)
Event: 2.571 Thread 0x000000011e8db600 nmethod 5816 0x000000010c0f6a90 code [0x000000010c0f6c00, 0x000000010c0f6da8]
Event: 2.572 Thread 0x000000011e8db600 5817       2       net.bytebuddy.jar.asm.SymbolTable::hash (10 bytes)
Event: 2.572 Thread 0x000000011e8db600 nmethod 5817 0x000000010c0fad10 code [0x000000010c0faec0, 0x000000010c0fb018]
Event: 2.572 Thread 0x000000011e8db000 nmethod 5706 0x000000011374cc10 code [0x000000011374ce40, 0x000000011374d330]
Event: 2.572 Thread 0x000000011e8db000 5523       4       java.util.TreeMap::getEntry (77 bytes)
Event: 2.575 Thread 0x000000011e8db000 nmethod 5523 0x0000000113621f10 code [0x0000000113622140, 0x0000000113622720]
Event: 2.576 Thread 0x000000011e8db000 5065       4       jdk.internal.reflect.UTF8::utf8Length (81 bytes)
Event: 2.577 Thread 0x000000011e8db000 nmethod 5065 0x0000000113633890 code [0x0000000113633a40, 0x0000000113633d10]
Event: 2.577 Thread 0x000000011e8db000 5066   !   4       jdk.internal.reflect.UTF8::encode (191 bytes)

GC Heap History (20 events):
Event: 0.598 GC heap before
{Heap before GC invocations=2 (full 0):
 garbage-first heap   total 262144K, used 23442K [0x00000006c0000000, 0x00000007c0000000)
  region size 2048K, 9 young (18432K), 1 survivors (2048K)
 Metaspace       used 20814K, capacity 21137K, committed 21296K, reserved 1069056K
  class space    used 2331K, capacity 2413K, committed 2432K, reserved 1048576K
}
Event: 0.599 GC heap after
{Heap after GC invocations=3 (full 0):
 garbage-first heap   total 262144K, used 9668K [0x00000006c0000000, 0x00000007c0000000)
  region size 2048K, 2 young (4096K), 2 survivors (4096K)
 Metaspace       used 20814K, capacity 21137K, committed 21296K, reserved 1069056K
  class space    used 2331K, capacity 2413K, committed 2432K, reserved 1048576K
}
Event: 0.756 GC heap before
{Heap before GC invocations=4 (full 0):
 garbage-first heap   total 49152K, used 46532K [0x00000006c0000000, 0x00000007c0000000)
  region size 2048K, 20 young (40960K), 2 survivors (4096K)
 Metaspace       used 27191K, capacity 27598K, committed 27824K, reserved 1073152K
  class space    used 3140K, capacity 3260K, committed 3328K, reserved 1048576K
}
Event: 0.759 GC heap after
{Heap after GC invocations=5 (full 0):
 garbage-first heap   total 55296K, used 11611K [0x00000006c0000000, 0x00000007c0000000)
  region size 2048K, 3 young (6144K), 3 survivors (6144K)
 Metaspace       used 27191K, capacity 27598K, committed 27824K, reserved 1073152K
  class space    used 3140K, capacity 3260K, committed 3328K, reserved 1048576K
}
Event: 0.863 GC heap before
{Heap before GC invocations=5 (full 0):
 garbage-first heap   total 55296K, used 32091K [0x00000006c0000000, 0x00000007c0000000)
  region size 2048K, 14 young (28672K), 3 survivors (6144K)
 Metaspace       used 28511K, capacity 28866K, committed 28976K, reserved 1075200K
  class space    used 3291K, capacity 3428K, committed 3456K, reserved 1048576K
}
Event: 0.866 GC heap after
{Heap after GC invocations=6 (full 0):
 garbage-first heap   total 55296K, used 13095K [0x00000006c0000000, 0x00000007c0000000)
  region size 2048K, 2 young (4096K), 2 survivors (4096K)
 Metaspace       used 28511K, capacity 28866K, committed 28976K, reserved 1075200K
  class space    used 3291K, capacity 3428K, committed 3456K, reserved 1048576K
}
Event: 0.870 GC heap before
{Heap before GC invocations=6 (full 0):
 garbage-first heap   total 55296K, used 33575K [0x00000006c0000000, 0x00000007c0000000)
  region size 2048K, 13 young (26624K), 2 survivors (4096K)
 Metaspace       used 28713K, capacity 29058K, committed 29232K, reserved 1075200K
  class space    used 3297K, capacity 3428K, committed 3456K, reserved 1048576K
}
Event: 0.872 GC heap after
{Heap after GC invocations=7 (full 0):
 garbage-first heap   total 159744K, used 13225K [0x00000006c0000000, 0x00000007c0000000)
  region size 2048K, 1 young (2048K), 1 survivors (2048K)
 Metaspace       used 28713K, capacity 29058K, committed 29232K, reserved 1075200K
  class space    used 3297K, capacity 3428K, committed 3456K, reserved 1048576K
}
Event: 1.281 GC heap before
{Heap before GC invocations=7 (full 0):
 garbage-first heap   total 159744K, used 86953K [0x00000006c0000000, 0x00000007c0000000)
  region size 2048K, 39 young (79872K), 1 survivors (2048K)
 Metaspace       used 35164K, capacity 35565K, committed 35632K, reserved 1081344K
  class space    used 4269K, capacity 4417K, committed 4480K, reserved 1048576K
}
Event: 1.285 GC heap after
{Heap after GC invocations=8 (full 0):
 garbage-first heap   total 159744K, used 15923K [0x00000006c0000000, 0x00000007c0000000)
  region size 2048K, 3 young (6144K), 3 survivors (6144K)
 Metaspace       used 35164K, capacity 35565K, committed 35632K, reserved 1081344K
  class space    used 4269K, capacity 4417K, committed 4480K, reserved 1048576K
}
Event: 1.552 GC heap before
{Heap before GC invocations=9 (full 0):
 garbage-first heap   total 69632K, used 50739K [0x00000006c0000000, 0x00000007c0000000)
  region size 2048K, 20 young (40960K), 3 survivors (6144K)
 Metaspace       used 39561K, capacity 40039K, committed 40368K, reserved 1085440K
  class space    used 4869K, capacity 5015K, committed 5120K, reserved 1048576K
}
Event: 1.557 GC heap after
{Heap after GC invocations=10 (full 0):
 garbage-first heap   total 69632K, used 18138K [0x00000006c0000000, 0x00000007c0000000)
  region size 2048K, 3 young (6144K), 3 survivors (6144K)
 Metaspace       used 39561K, capacity 40039K, committed 40368K, reserved 1085440K
  class space    used 4869K, capacity 5015K, committed 5120K, reserved 1048576K
}
Event: 1.717 GC heap before
{Heap before GC invocations=10 (full 0):
 garbage-first heap   total 69632K, used 48858K [0x00000006c0000000, 0x00000007c0000000)
  region size 2048K, 19 young (38912K), 3 survivors (6144K)
 Metaspace       used 43245K, capacity 43698K, committed 43824K, reserved 1087488K
  class space    used 5297K, capacity 5466K, committed 5504K, reserved 1048576K
}
Event: 1.724 GC heap after
{Heap after GC invocations=11 (full 0):
 garbage-first heap   total 69632K, used 20461K [0x00000006c0000000, 0x00000007c0000000)
  region size 2048K, 3 young (6144K), 3 survivors (6144K)
 Metaspace       used 43245K, capacity 43698K, committed 43824K, reserved 1087488K
  class space    used 5297K, capacity 5466K, committed 5504K, reserved 1048576K
}
Event: 1.729 GC heap before
{Heap before GC invocations=11 (full 0):
 garbage-first heap   total 69632K, used 49133K [0x00000006c0000000, 0x00000007c0000000)
  region size 2048K, 18 young (36864K), 3 survivors (6144K)
 Metaspace       used 43255K, capacity 43698K, committed 43824K, reserved 1087488K
  class space    used 5297K, capacity 5466K, committed 5504K, reserved 1048576K
}
Event: 1.734 GC heap after
{Heap after GC invocations=12 (full 0):
 garbage-first heap   total 86016K, used 20097K [0x00000006c0000000, 0x00000007c0000000)
  region size 2048K, 1 young (2048K), 1 survivors (2048K)
 Metaspace       used 43255K, capacity 43698K, committed 43824K, reserved 1087488K
  class space    used 5297K, capacity 5466K, committed 5504K, reserved 1048576K
}
Event: 2.032 GC heap before
{Heap before GC invocations=12 (full 0):
 garbage-first heap   total 86016K, used 65153K [0x00000006c0000000, 0x00000007c0000000)
  region size 2048K, 23 young (47104K), 1 survivors (2048K)
 Metaspace       used 49876K, capacity 50384K, committed 50480K, reserved 1093632K
  class space    used 6333K, capacity 6498K, committed 6528K, reserved 1048576K
}
Event: 2.035 GC heap after
{Heap after GC invocations=13 (full 0):
 garbage-first heap   total 86016K, used 22478K [0x00000006c0000000, 0x00000007c0000000)
  region size 2048K, 3 young (6144K), 3 survivors (6144K)
 Metaspace       used 49876K, capacity 50384K, committed 50480K, reserved 1093632K
  class space    used 6333K, capacity 6498K, committed 6528K, reserved 1048576K
}
Event: 2.353 GC heap before
{Heap before GC invocations=13 (full 0):
 garbage-first heap   total 86016K, used 47054K [0x00000006c0000000, 0x00000007c0000000)
  region size 2048K, 16 young (32768K), 3 survivors (6144K)
 Metaspace       used 59315K, capacity 59787K, committed 59824K, reserved 1101824K
  class space    used 7471K, capacity 7664K, committed 7680K, reserved 1048576K
}
Event: 2.357 GC heap after
{Heap after GC invocations=14 (full 0):
 garbage-first heap   total 86016K, used 25573K [0x00000006c0000000, 0x00000007c0000000)
  region size 2048K, 3 young (6144K), 3 survivors (6144K)
 Metaspace       used 59315K, capacity 59787K, committed 59824K, reserved 1101824K
  class space    used 7471K, capacity 7664K, committed 7680K, reserved 1048576K
}

Deoptimization events (20 events):
Event: 2.505 Thread 0x000000013500c400 DEOPT PACKING pc=0x000000010cbb3a34 sp=0x0000000171cd53b0
Event: 2.505 Thread 0x000000013500c400 DEOPT UNPACKING pc=0x000000010bb81bfc sp=0x0000000171cd5180 mode 1
Event: 2.507 Thread 0x000000013500c400 DEOPT PACKING pc=0x000000010cb0aeac sp=0x0000000171cd4c90
Event: 2.507 Thread 0x000000013500c400 DEOPT UNPACKING pc=0x000000010bb81bfc sp=0x0000000171cd49b0 mode 0
Event: 2.507 Thread 0x000000011d013600 DEOPT PACKING pc=0x000000010c874f68 sp=0x000000016d82ea00
Event: 2.507 Thread 0x000000011d013600 DEOPT UNPACKING pc=0x000000010bb81bfc sp=0x000000016d82e890 mode 3
Event: 2.508 Thread 0x000000013500c400 DEOPT PACKING pc=0x000000010cb0aeac sp=0x0000000171cd4b70
Event: 2.508 Thread 0x000000013500c400 DEOPT UNPACKING pc=0x000000010bb81bfc sp=0x0000000171cd4890 mode 0
Event: 2.574 Thread 0x000000011d013600 DEOPT PACKING pc=0x000000010c208fc8 sp=0x000000016d82eae0
Event: 2.574 Thread 0x000000011d013600 DEOPT UNPACKING pc=0x000000010bb81bfc sp=0x000000016d82e880 mode 1
Event: 2.574 Thread 0x000000011d013600 DEOPT PACKING pc=0x000000010c204084 sp=0x000000016d82ebb0
Event: 2.574 Thread 0x000000011d013600 DEOPT UNPACKING pc=0x000000010bb81bfc sp=0x000000016d82e980 mode 1
Event: 2.574 Thread 0x000000011d013600 DEOPT PACKING pc=0x000000010c2c3df8 sp=0x000000016d82f310
Event: 2.574 Thread 0x000000011d013600 DEOPT UNPACKING pc=0x000000010bb81bfc sp=0x000000016d82f100 mode 1
Event: 2.574 Thread 0x000000011d013600 DEOPT PACKING pc=0x000000010c208fc8 sp=0x000000016d82eae0
Event: 2.574 Thread 0x000000011d013600 DEOPT UNPACKING pc=0x000000010bb81bfc sp=0x000000016d82e880 mode 1
Event: 2.574 Thread 0x000000011d013600 DEOPT PACKING pc=0x000000010c204084 sp=0x000000016d82ebb0
Event: 2.574 Thread 0x000000011d013600 DEOPT UNPACKING pc=0x000000010bb81bfc sp=0x000000016d82e980 mode 1
Event: 2.574 Thread 0x000000011d013600 DEOPT PACKING pc=0x000000010c2c3df8 sp=0x000000016d82f310
Event: 2.574 Thread 0x000000011d013600 DEOPT UNPACKING pc=0x000000010bb81bfc sp=0x000000016d82f100 mode 1

Classes unloaded (0 events):
No events

Classes redefined (0 events):
No events

Internal exceptions (20 events):
Event: 1.799 Thread 0x000000011d013600 Exception <a 'java/io/FileNotFoundException'{0x00000006c4979d58}> (0x00000006c4979d58) 
thrown [src/hotspot/share/prims/jni.cpp, line 578]
Event: 1.819 Thread 0x000000011d013600 Implicit null exception at 0x00000001137d1668 to 0x00000001137d3900
Event: 1.833 Thread 0x000000011d013600 Exception <a 'java/lang/NoSuchMethodError'{0x00000006c4022bb0}: 'void java.lang.invoke.DirectMethodHandle$Holder.invokeStatic(java.lang.Object, java.lang.Object, int)'> (0x00000006c4022bb0) 
thrown [src/hotspot/share/interpreter/linkResolver.cpp, line 782]
Event: 1.852 Thread 0x000000011d013600 Implicit null exception at 0x00000001137b0e6c to 0x00000001137b0eb0
Event: 2.141 Thread 0x000000011d013600 Exception <a 'java/lang/NoSuchMethodError'{0x00000006c485a1d8}: 'int java.lang.invoke.DirectMethodHandle$Holder.invokeStaticInit(java.lang.Object, java.lang.Object, java.lang.Object, java.lang.Object)'> (0x00000006c485a1d8) 
thrown [src/hotspot/share/interpreter/linkResolver.cpp, line 782]
Event: 2.285 Thread 0x000000011d013600 Exception <a 'java/lang/NoSuchMethodError'{0x00000006c4276c68}: 'java.lang.Object java.lang.invoke.DirectMethodHandle$Holder.invokeStaticInit(java.lang.Object, java.lang.Object, java.lang.Object, java.lang.Object)'> (0x00000006c4276c68) 
thrown [src/hotspot/share/interpreter/linkResolver.cpp, line 782]
Event: 2.400 Thread 0x000000011d013600 Exception <a 'java/lang/NoSuchMethodError'{0x00000006c4c976b0}: 'java.lang.Object java.lang.invoke.DirectMethodHandle$Holder.newInvokeSpecial(java.lang.Object, java.lang.Object, int, java.lang.Object, java.lang.Object)'> (0x00000006c4c976b0) 
thrown [src/hotspot/share/interpreter/linkResolver.cpp, line 782]
Event: 2.409 Thread 0x000000011d013600 Exception <a 'java/lang/ClassNotFoundException'{0x00000006c4a420d8}: java/lang/ObjectCustomizer> (0x00000006c4a420d8) 
thrown [src/hotspot/share/classfile/systemDictionary.cpp, line 295]
Event: 2.409 Thread 0x000000011d013600 Exception <a 'java/lang/ClassNotFoundException'{0x00000006c4a4a4c8}: org/springframework/beans/factory/config/AbstractFactoryBeanCustomizer> (0x00000006c4a4a4c8) 
thrown [src/hotspot/share/classfile/systemDictionary.cpp, line 295]
Event: 2.409 Thread 0x000000011d013600 Exception <a 'java/lang/ClassNotFoundException'{0x00000006c4a572a8}: org/springframework/beans/factory/config/ObjectFactoryCreatingFactoryBeanCustomizer> (0x00000006c4a572a8) 
thrown [src/hotspot/share/classfile/systemDictionary.cpp, line 295]
Event: 2.410 Thread 0x000000011d013600 Exception <a 'java/lang/ClassNotFoundException'{0x00000006c4a683b0}: org/springframework/beans/factory/FactoryBeanCustomizer> (0x00000006c4a683b0) 
thrown [src/hotspot/share/classfile/systemDictionary.cpp, line 295]
Event: 2.410 Thread 0x000000011d013600 Exception <a 'java/lang/ClassNotFoundException'{0x00000006c4a71450}: org/springframework/beans/factory/BeanClassLoaderAwareCustomizer> (0x00000006c4a71450) 
thrown [src/hotspot/share/classfile/systemDictionary.cpp, line 295]
Event: 2.410 Thread 0x000000011d013600 Exception <a 'java/lang/ClassNotFoundException'{0x00000006c4a76e58}: org/springframework/beans/factory/AwareCustomizer> (0x00000006c4a76e58) 
thrown [src/hotspot/share/classfile/systemDictionary.cpp, line 295]
Event: 2.410 Thread 0x000000011d013600 Exception <a 'java/lang/ClassNotFoundException'{0x00000006c4a7bb70}: org/springframework/beans/factory/BeanFactoryAwareCustomizer> (0x00000006c4a7bb70) 
thrown [src/hotspot/share/classfile/systemDictionary.cpp, line 295]
Event: 2.410 Thread 0x000000011d013600 Exception <a 'java/lang/ClassNotFoundException'{0x00000006c4a81cc8}: org/springframework/beans/factory/AwareCustomizer> (0x00000006c4a81cc8) 
thrown [src/hotspot/share/classfile/systemDictionary.cpp, line 295]
Event: 2.410 Thread 0x000000011d013600 Exception <a 'java/lang/ClassNotFoundException'{0x00000006c4a86a20}: org/springframework/beans/factory/InitializingBeanCustomizer> (0x00000006c4a86a20) 
thrown [src/hotspot/share/classfile/systemDictionary.cpp, line 295]
Event: 2.410 Thread 0x000000011d013600 Exception <a 'java/lang/ClassNotFoundException'{0x00000006c4a8c2d8}: org/springframework/beans/factory/DisposableBeanCustomizer> (0x00000006c4a8c2d8) 
thrown [src/hotspot/share/classfile/systemDictionary.cpp, line 295]
Event: 2.412 Thread 0x000000011d013600 Exception <a 'java/lang/ClassNotFoundException'{0x00000006c4adee60}: java/lang/ObjectCustomizer> (0x00000006c4adee60) 
thrown [src/hotspot/share/classfile/systemDictionary.cpp, line 295]
Event: 2.412 Thread 0x000000011d013600 Exception <a 'java/lang/ClassNotFoundException'{0x00000006c4ae7440}: org/springframework/data/jpa/domain/support/AuditingEntityListenerCustomizer> (0x00000006c4ae7440) 
thrown [src/hotspot/share/classfile/systemDictionary.cpp, line 295]
Event: 2.412 Thread 0x000000011d013600 Exception <a 'java/lang/ClassNotFoundException'{0x00000006c4af0df8}: org/springframework/beans/factory/aspectj/ConfigurableObjectCustomizer> (0x00000006c4af0df8) 
thrown [src/hotspot/share/classfile/systemDictionary.cpp, line 295]

Events (20 events):
Event: 2.573 Thread 0x000000011e8dbc00 flushing nmethod 0x000000010c61b110
Event: 2.573 Thread 0x000000011e8dbc00 flushing nmethod 0x000000010c61c390
Event: 2.573 Thread 0x000000011e8dbc00 flushing nmethod 0x000000010c61d310
Event: 2.573 Thread 0x000000011e8dbc00 flushing nmethod 0x000000010c623e10
Event: 2.573 Thread 0x000000011e8dbc00 flushing nmethod 0x000000010c625510
Event: 2.573 Thread 0x000000011e8dbc00 flushing nmethod 0x000000010c628b90
Event: 2.573 Thread 0x000000011e8dbc00 flushing nmethod 0x000000010c62c910
Event: 2.573 Thread 0x000000011e8dbc00 flushing nmethod 0x000000010c672c90
Event: 2.573 Thread 0x000000011e8dbc00 flushing nmethod 0x000000010c675f90
Event: 2.573 Thread 0x000000011e8dbc00 flushing nmethod 0x000000010c67a090
Event: 2.573 Thread 0x000000011e8dbc00 flushing nmethod 0x000000010c696e90
Event: 2.573 Thread 0x000000011e8dbc00 flushing nmethod 0x000000010c6a3610
Event: 2.574 Thread 0x000000011e8dbc00 flushing nmethod 0x000000010c6f9590
Event: 2.574 Thread 0x000000011e8dbc00 flushing nmethod 0x000000010c70cf10
Event: 2.574 Thread 0x000000011e8dbc00 flushing nmethod 0x000000010c70ec90
Event: 2.574 Thread 0x000000011e8dbc00 flushing nmethod 0x000000010c70fb10
Event: 2.574 Thread 0x000000011e8dbc00 flushing nmethod 0x000000010c710510
Event: 2.574 Thread 0x000000011e8dbc00 flushing nmethod 0x000000010c716e10
Event: 2.574 Thread 0x000000011e8dbc00 flushing nmethod 0x000000010c719c10
Event: 2.577 Executing VM operation: HandshakeAllThreads


Dynamic libraries:
0x0000000102910000 	/Library/Java/JavaVirtualMachines/zulu-15.jdk/Contents/Home/lib/libjli.dylib
0x000000019d646000 	/usr/lib/libz.1.dylib
0x000000019d700000 	/usr/lib/libSystem.B.dylib
0x000000019d6fa000 	/usr/lib/system/libcache.dylib
0x000000019d6b3000 	/usr/lib/system/libcommonCrypto.dylib
0x000000019d6e1000 	/usr/lib/system/libcompiler_rt.dylib
0x000000019d6d7000 	/usr/lib/system/libcopyfile.dylib
0x0000000191e28000 	/usr/lib/system/libcorecrypto.dylib
0x0000000191ede000 	/usr/lib/system/libdispatch.dylib
0x000000019206f000 	/usr/lib/system/libdyld.dylib
0x000000019d6f0000 	/usr/lib/system/libkeymgr.dylib
0x000000019d691000 	/usr/lib/system/libmacho.dylib
0x000000019cd62000 	/usr/lib/system/libquarantine.dylib
0x000000019d6ed000 	/usr/lib/system/libremovefile.dylib
0x0000000196d2f000 	/usr/lib/system/libsystem_asl.dylib
0x0000000191dc5000 	/usr/lib/system/libsystem_blocks.dylib
0x0000000191f29000 	/usr/lib/system/libsystem_c.dylib
0x000000019d6e5000 	/usr/lib/system/libsystem_collections.dylib
0x000000019c283000 	/usr/lib/system/libsystem_configuration.dylib
0x000000019b2f3000 	/usr/lib/system/libsystem_containermanager.dylib
0x000000019d399000 	/usr/lib/system/libsystem_coreservices.dylib
0x0000000194ec4000 	/usr/lib/system/libsystem_darwin.dylib
0x000000019d6f1000 	/usr/lib/system/libsystem_dnssd.dylib
0x0000000191f26000 	/usr/lib/system/libsystem_featureflags.dylib
0x000000019209b000 	/usr/lib/system/libsystem_info.dylib
0x000000019d658000 	/usr/lib/system/libsystem_m.dylib
0x0000000191eb2000 	/usr/lib/system/libsystem_malloc.dylib
0x0000000196caf000 	/usr/lib/system/libsystem_networkextension.dylib
0x000000019532e000 	/usr/lib/system/libsystem_notify.dylib
0x000000019c288000 	/usr/lib/system/libsystem_sandbox.dylib
0x000000019d6ea000 	/usr/lib/system/libsystem_secinit.dylib
0x0000000192029000 	/usr/lib/system/libsystem_kernel.dylib
0x0000000192093000 	/usr/lib/system/libsystem_platform.dylib
0x0000000192062000 	/usr/lib/system/libsystem_pthread.dylib
0x0000000198504000 	/usr/lib/system/libsystem_symptoms.dylib
0x0000000191e0e000 	/usr/lib/system/libsystem_trace.dylib
0x000000019d6c4000 	/usr/lib/system/libunwind.dylib
0x0000000191dca000 	/usr/lib/system/libxpc.dylib
0x0000000192011000 	/usr/lib/libc++abi.dylib
0x0000000191cf4000 	/usr/lib/libobjc.A.dylib
0x000000019d6cf000 	/usr/lib/liboah.dylib
0x0000000191faa000 	/usr/lib/libc++.1.dylib
0x00000001a9505000 	/System/Library/Frameworks/Cocoa.framework/Versions/A/Cocoa
0x000000019538f000 	/System/Library/Frameworks/AppKit.framework/Versions/C/AppKit
0x0000000197d33000 	/System/Library/Frameworks/CoreData.framework/Versions/A/CoreData
0x0000000192ff3000 	/System/Library/Frameworks/Foundation.framework/Versions/C/Foundation
0x000000019629a000 	/System/Library/PrivateFrameworks/UIFoundation.framework/Versions/A/UIFoundation
0x00000001fdd8e000 	/System/Library/PrivateFrameworks/CollectionViewCore.framework/Versions/A/CollectionViewCore
0x00000001a39b1000 	/System/Library/PrivateFrameworks/RemoteViewServices.framework/Versions/A/RemoteViewServices
0x000000019bb36000 	/System/Library/PrivateFrameworks/XCTTargetBootstrap.framework/Versions/A/XCTTargetBootstrap
0x000000019f494000 	/System/Library/PrivateFrameworks/InternationalSupport.framework/Versions/A/InternationalSupport
0x000000019f51b000 	/System/Library/PrivateFrameworks/UserActivity.framework/Versions/A/UserActivity
0x0000000214f16000 	/System/Library/PrivateFrameworks/WindowManagement.framework/Versions/A/WindowManagement
0x0000000192cbd000 	/System/Library/Frameworks/SystemConfiguration.framework/Versions/A/SystemConfiguration
0x000000019e998000 	/usr/lib/libspindump.dylib
0x0000000196440000 	/System/Library/Frameworks/UniformTypeIdentifiers.framework/Versions/A/UniformTypeIdentifiers
0x0000000199e4a000 	/usr/lib/libapp_launch_measurement.dylib
0x00000001992fa000 	/System/Library/PrivateFrameworks/CoreAnalytics.framework/Versions/A/CoreAnalytics
0x0000000199e51000 	/System/Library/PrivateFrameworks/CoreAutoLayout.framework/Versions/A/CoreAutoLayout
0x000000019b345000 	/System/Library/Frameworks/Metal.framework/Versions/A/Metal
0x000000019c294000 	/usr/lib/liblangid.dylib
0x000000019bb3c000 	/System/Library/PrivateFrameworks/CoreSVG.framework/Versions/A/CoreSVG
0x0000000196d65000 	/System/Library/PrivateFrameworks/SkyLight.framework/Versions/A/SkyLight
0x000000019717d000 	/System/Library/Frameworks/CoreGraphics.framework/Versions/A/CoreGraphics
0x00000001a407c000 	/System/Library/Frameworks/Accelerate.framework/Versions/A/Accelerate
0x000000019e406000 	/System/Library/PrivateFrameworks/IconServices.framework/Versions/A/IconServices
0x000000019b325000 	/System/Library/Frameworks/IOSurface.framework/Versions/A/IOSurface
0x0000000199327000 	/usr/lib/libDiagnosticMessagesClient.dylib
0x00000001a72e3000 	/System/Library/Frameworks/ApplicationServices.framework/Versions/A/ApplicationServices
0x000000019bb1e000 	/System/Library/PrivateFrameworks/DFRFoundation.framework/Versions/A/DFRFoundation
0x0000000194c0d000 	/usr/lib/libicucore.A.dylib
0x00000001a0424000 	/System/Library/Frameworks/AudioToolbox.framework/Versions/A/AudioToolbox
0x000000019f49f000 	/System/Library/PrivateFrameworks/DataDetectorsCore.framework/Versions/A/DataDetectorsCore
0x00000001b65a2000 	/System/Library/PrivateFrameworks/TextInput.framework/Versions/A/TextInput
0x0000000196cca000 	/usr/lib/libMobileGestalt.dylib
0x000000019b7ea000 	/System/Library/Frameworks/Carbon.framework/Versions/A/Frameworks/HIToolbox.framework/Versions/A/HIToolbox
0x00000001997d2000 	/System/Library/Frameworks/QuartzCore.framework/Versions/A/QuartzCore
0x0000000194869000 	/System/Library/Frameworks/Security.framework/Versions/A/Security
0x00000001a39f1000 	/System/Library/Frameworks/Carbon.framework/Versions/A/Frameworks/SpeechRecognition.framework/Versions/A/SpeechRecognition
0x0000000199b89000 	/System/Library/PrivateFrameworks/CoreUI.framework/Versions/A/CoreUI
0x0000000194162000 	/System/Library/Frameworks/CoreAudio.framework/Versions/A/CoreAudio
0x0000000199403000 	/System/Library/Frameworks/DiskArbitration.framework/Versions/A/DiskArbitration
0x000000019edcc000 	/System/Library/PrivateFrameworks/MultitouchSupport.framework/Versions/A/MultitouchSupport
0x0000000196cc8000 	/usr/lib/libenergytrace.dylib
0x0000000195252000 	/System/Library/Frameworks/IOKit.framework/Versions/A/IOKit
0x00000001a3dd8000 	/System/Library/Frameworks/CoreServices.framework/Versions/A/CoreServices
0x0000000199dd7000 	/System/Library/PrivateFrameworks/PerformanceAnalysis.framework/Versions/A/PerformanceAnalysis
0x00000001e13be000 	/System/Library/Frameworks/OpenGL.framework/Versions/A/OpenGL
0x0000000199e9b000 	/usr/lib/libxml2.2.dylib
0x000000019cc68000 	/System/Library/PrivateFrameworks/MobileKeyBag.framework/Versions/A/MobileKeyBag
0x00000001977c8000 	/System/Library/Frameworks/ColorSync.framework/Versions/A/ColorSync
0x00000001920c7000 	/System/Library/Frameworks/CoreFoundation.framework/Versions/A/CoreFoundation
0x000000019beb6000 	/System/Library/Frameworks/CoreImage.framework/Versions/A/CoreImage
0x0000000193f83000 	/System/Library/Frameworks/CoreText.framework/Versions/A/CoreText
0x000000019bb75000 	/System/Library/Frameworks/ImageIO.framework/Versions/A/ImageIO
0x000000019d706000 	/System/Library/PrivateFrameworks/SoftLinking.framework/Versions/A/SoftLinking
0x000000019d99a000 	/usr/lib/libcompression.dylib
0x000000019f3f0000 	/System/Library/PrivateFrameworks/TextureIO.framework/Versions/A/TextureIO
0x000000019e0d8000 	/usr/lib/libate.dylib
0x000000019df97000 	/usr/lib/liblzma.5.dylib
0x000000019d702000 	/usr/lib/libfakelink.dylib
0x00000001968ed000 	/System/Library/Frameworks/CFNetwork.framework/Versions/A/CFNetwork
0x000000019d841000 	/usr/lib/libarchive.2.dylib
0x00000001a1d2f000 	/System/Library/Frameworks/Combine.framework/Versions/A/Combine
0x000000019fdee000 	/usr/lib/swift/libswiftCore.dylib
0x00000001b367b000 	/usr/lib/swift/libswiftCoreFoundation.dylib
0x00000001b1557000 	/usr/lib/swift/libswiftDarwin.dylib
0x00000001a52f0000 	/usr/lib/swift/libswiftDispatch.dylib
0x00000001b369c000 	/usr/lib/swift/libswiftIOKit.dylib
0x00000001a7706000 	/usr/lib/swift/libswiftObjectiveC.dylib
0x00000001b368f000 	/usr/lib/swift/libswiftXPC.dylib
0x000000021b741000 	/usr/lib/swift/libswift_Concurrency.dylib
0x000000021b893000 	/usr/lib/swift/libswift_StringProcessing.dylib
0x00000001a770a000 	/usr/lib/swift/libswiftos.dylib
0x00000001951d7000 	/System/Library/PrivateFrameworks/CoreServicesInternal.framework/Versions/A/CoreServicesInternal
0x000000019cd8d000 	/usr/lib/libbsm.0.dylib
0x000000019d697000 	/usr/lib/system/libkxld.dylib
0x0000000199e13000 	/System/Library/Frameworks/CoreServices.framework/Versions/A/Frameworks/FSEvents.framework/Versions/A/FSEvents
0x0000000194ecf000 	/System/Library/Frameworks/CoreServices.framework/Versions/A/Frameworks/CarbonCore.framework/Versions/A/CarbonCore
0x000000019936a000 	/System/Library/Frameworks/CoreServices.framework/Versions/A/Frameworks/Metadata.framework/Versions/A/Metadata
0x000000019d39f000 	/System/Library/Frameworks/CoreServices.framework/Versions/A/Frameworks/OSServices.framework/Versions/A/OSServices
0x000000019d8c8000 	/System/Library/Frameworks/CoreServices.framework/Versions/A/Frameworks/SearchKit.framework/Versions/A/SearchKit
0x0000000198487000 	/System/Library/Frameworks/CoreServices.framework/Versions/A/Frameworks/AE.framework/Versions/A/AE
0x000000019259f000 	/System/Library/Frameworks/CoreServices.framework/Versions/A/Frameworks/LaunchServices.framework/Versions/A/LaunchServices
0x000000019df40000 	/System/Library/Frameworks/CoreServices.framework/Versions/A/Frameworks/DictionaryServices.framework/Versions/A/DictionaryServices
0x0000000199e20000 	/System/Library/Frameworks/CoreServices.framework/Versions/A/Frameworks/SharedFileList.framework/Versions/A/SharedFileList
0x000000019d967000 	/usr/lib/libapple_nghttp2.dylib
0x00000001968e9000 	/usr/lib/libnetwork.dylib
0x000000019810b000 	/usr/lib/libsqlite3.dylib
0x000000019850d000 	/System/Library/Frameworks/Network.framework/Versions/A/Network
0x000000021a893000 	/usr/lib/libCoreEntitlements.dylib
0x000000020736e000 	/System/Library/PrivateFrameworks/MessageSecurity.framework/Versions/A/MessageSecurity
0x00000001980f1000 	/System/Library/PrivateFrameworks/ProtocolBuffer.framework/Versions/A/ProtocolBuffer
0x000000019d37b000 	/System/Library/PrivateFrameworks/AppleFSCompression.framework/Versions/A/AppleFSCompression
0x000000019cd75000 	/usr/lib/libcoretls.dylib
0x000000019dfb0000 	/usr/lib/libcoretls_cfhelpers.dylib
0x000000019d994000 	/usr/lib/libpam.2.dylib
0x000000019e016000 	/usr/lib/libxar.1.dylib
0x000000019e3e1000 	/usr/lib/libheimdal-asn1.dylib
0x000000019d707000 	/usr/lib/libpcap.A.dylib
0x00000001984fa000 	/usr/lib/libdns_services.dylib
0x000000019c290000 	/System/Library/PrivateFrameworks/AppleSystemInfo.framework/Versions/A/AppleSystemInfo
0x000000019ca69000 	/System/Library/PrivateFrameworks/IOMobileFramebuffer.framework/Versions/A/IOMobileFramebuffer
0x000000019d38c000 	/usr/lib/libbz2.1.0.dylib
0x000000019cd65000 	/usr/lib/libCheckFix.dylib
0x0000000196d47000 	/System/Library/PrivateFrameworks/TCC.framework/Versions/A/TCC
0x000000019c296000 	/System/Library/PrivateFrameworks/CoreNLP.framework/Versions/A/CoreNLP
0x0000000199329000 	/System/Library/PrivateFrameworks/MetadataUtilities.framework/Versions/A/MetadataUtilities
0x000000019cd9e000 	/usr/lib/libmecab.dylib
0x0000000192d47000 	/usr/lib/libCRFSuite.dylib
0x000000019cdfb000 	/usr/lib/libgermantok.dylib
0x000000019d940000 	/usr/lib/libThaiTokenizer.dylib
0x000000019940c000 	/System/Library/Frameworks/Accelerate.framework/Versions/A/Frameworks/vImage.framework/Versions/A/vImage
0x00000001a3daf000 	/System/Library/Frameworks/Accelerate.framework/Versions/A/Frameworks/vecLib.framework/Versions/A/vecLib
0x000000019e05c000 	/System/Library/Frameworks/Accelerate.framework/Versions/A/Frameworks/vecLib.framework/Versions/A/libvMisc.dylib
0x000000019c969000 	/System/Library/Frameworks/Accelerate.framework/Versions/A/Frameworks/vecLib.framework/Versions/A/libvDSP.dylib
0x0000000192953000 	/System/Library/Frameworks/Accelerate.framework/Versions/A/Frameworks/vecLib.framework/Versions/A/libBLAS.dylib
0x000000019da6c000 	/System/Library/Frameworks/Accelerate.framework/Versions/A/Frameworks/vecLib.framework/Versions/A/libLAPACK.dylib
0x000000019cdfe000 	/System/Library/Frameworks/Accelerate.framework/Versions/A/Frameworks/vecLib.framework/Versions/A/libLinearAlgebra.dylib
0x000000019d97f000 	/System/Library/Frameworks/Accelerate.framework/Versions/A/Frameworks/vecLib.framework/Versions/A/libSparseBLAS.dylib
0x000000019da67000 	/System/Library/Frameworks/Accelerate.framework/Versions/A/Frameworks/vecLib.framework/Versions/A/libQuadrature.dylib
0x000000019c38f000 	/System/Library/Frameworks/Accelerate.framework/Versions/A/Frameworks/vecLib.framework/Versions/A/libBNNS.dylib
0x0000000192c56000 	/System/Library/Frameworks/Accelerate.framework/Versions/A/Frameworks/vecLib.framework/Versions/A/libSparse.dylib
0x00000002066a4000 	/System/Library/PrivateFrameworks/MIL.framework/Versions/A/MIL
0x000000019d73c000 	/usr/lib/libiconv.2.dylib
0x000000019d690000 	/usr/lib/libcharset.1.dylib
0x0000000199df3000 	/System/Library/Frameworks/OpenDirectory.framework/Versions/A/Frameworks/CFOpenDirectory.framework/Versions/A/CFOpenDirectory
0x0000000199de3000 	/System/Library/Frameworks/OpenDirectory.framework/Versions/A/OpenDirectory
0x000000019dfb2000 	/System/Library/PrivateFrameworks/APFS.framework/Versions/A/APFS
0x000000019cc9f000 	/System/Library/Frameworks/SecurityFoundation.framework/Versions/A/SecurityFoundation
0x000000019e025000 	/usr/lib/libutil.dylib
0x0000000205725000 	/System/Library/PrivateFrameworks/InstalledContentLibrary.framework/Versions/A/InstalledContentLibrary
0x0000000195215000 	/System/Library/PrivateFrameworks/CoreServicesStore.framework/Versions/A/CoreServicesStore
0x00000001fc75b000 	/System/Library/PrivateFrameworks/AppleMobileFileIntegrity.framework/Versions/A/AppleMobileFileIntegrity
0x00000001b365a000 	/usr/lib/libmis.dylib
0x00000001c157f000 	/System/Library/PrivateFrameworks/MobileSystemServices.framework/Versions/A/MobileSystemServices
0x00000001dbcc4000 	/System/Library/PrivateFrameworks/ConfigProfileHelper.framework/Versions/A/ConfigProfileHelper
0x000000019d942000 	/System/Library/PrivateFrameworks/AppleSauce.framework/Versions/A/AppleSauce
0x0000000193a2c000 	/System/Library/PrivateFrameworks/LanguageModeling.framework/Versions/A/LanguageModeling
0x000000019e029000 	/usr/lib/libxslt.1.dylib
0x000000019d82f000 	/usr/lib/libcmph.dylib
0x000000019ca56000 	/System/Library/PrivateFrameworks/CoreEmoji.framework/Versions/A/CoreEmoji
0x000000019c389000 	/System/Library/PrivateFrameworks/LinguisticData.framework/Versions/A/LinguisticData
0x0000000192c0e000 	/System/Library/PrivateFrameworks/Lexicon.framework/Versions/A/Lexicon
0x000000019cd32000 	/System/Library/PrivateFrameworks/BackgroundTaskManagement.framework/Versions/A/BackgroundTaskManagement
0x000000021aa32000 	/usr/lib/libTLE.dylib
0x000000021b7de000 	/usr/lib/swift/libswift_RegexParser.dylib
0x000000019ec91000 	/System/Library/PrivateFrameworks/AppleJPEG.framework/Versions/A/AppleJPEG
0x000000019e3c6000 	/usr/lib/libexpat.1.dylib
0x000000019f252000 	/System/Library/Frameworks/ImageIO.framework/Versions/A/Resources/libPng.dylib
0x000000019f27d000 	/System/Library/Frameworks/ImageIO.framework/Versions/A/Resources/libTIFF.dylib
0x000000019f366000 	/System/Library/Frameworks/ImageIO.framework/Versions/A/Resources/libGIF.dylib
0x000000019ecd6000 	/System/Library/Frameworks/ImageIO.framework/Versions/A/Resources/libJP2.dylib
0x000000019f30a000 	/System/Library/Frameworks/ImageIO.framework/Versions/A/Resources/libJPEG.dylib
0x000000019f301000 	/System/Library/Frameworks/ImageIO.framework/Versions/A/Resources/libRadiance.dylib
0x000000019b673000 	/System/Library/PrivateFrameworks/FontServices.framework/libFontParser.dylib
0x0000000198429000 	/System/Library/PrivateFrameworks/RunningBoardServices.framework/Versions/A/RunningBoardServices
0x00000001a9c36000 	/System/Library/PrivateFrameworks/IOSurfaceAccelerator.framework/Versions/A/IOSurfaceAccelerator
0x000000019edc8000 	/System/Library/PrivateFrameworks/WatchdogClient.framework/Versions/A/WatchdogClient
0x0000000193ba5000 	/System/Library/Frameworks/CoreDisplay.framework/Versions/A/CoreDisplay
0x000000019b54d000 	/System/Library/Frameworks/CoreMedia.framework/Versions/A/CoreMedia
0x000000019b33b000 	/System/Library/PrivateFrameworks/IOAccelerator.framework/Versions/A/IOAccelerator
0x0000000199f84000 	/System/Library/Frameworks/CoreVideo.framework/Versions/A/CoreVideo
0x000000019d992000 	/System/Library/Frameworks/MetalPerformanceShaders.framework/Versions/A/MetalPerformanceShaders
0x000000019ee07000 	/System/Library/Frameworks/VideoToolbox.framework/Versions/A/VideoToolbox
0x000000019836c000 	/System/Library/PrivateFrameworks/BaseBoard.framework/Versions/A/BaseBoard
0x000000019f2fc000 	/System/Library/PrivateFrameworks/GPUWrangler.framework/Versions/A/GPUWrangler
0x000000019f2dc000 	/System/Library/PrivateFrameworks/IOPresentment.framework/Versions/A/IOPresentment
0x000000019f304000 	/System/Library/PrivateFrameworks/DSExternalDisplay.framework/Versions/A/DSExternalDisplay
0x0000000201eff000 	/System/Library/PrivateFrameworks/GPUCompiler.framework/Versions/31001/Libraries/libllvm-flatbuffers.dylib
0x00000001e13b1000 	/System/Library/Frameworks/OpenGL.framework/Versions/A/Libraries/libCoreFSCache.dylib
0x0000000201efb000 	/System/Library/PrivateFrameworks/GPUCompiler.framework/Versions/31001/Libraries/libGPUCompilerUtils.dylib
0x000000019f36c000 	/System/Library/PrivateFrameworks/CMCaptureCore.framework/Versions/A/CMCaptureCore
0x00000001f699a000 	/System/Library/Frameworks/ExtensionFoundation.framework/Versions/A/ExtensionFoundation
0x00000001a5a97000 	/System/Library/PrivateFrameworks/CoreTime.framework/Versions/A/CoreTime
0x000000019e983000 	/System/Library/PrivateFrameworks/AppServerSupport.framework/Versions/A/AppServerSupport
0x00000001a0d06000 	/System/Library/PrivateFrameworks/perfdata.framework/Versions/A/perfdata
0x0000000193cc5000 	/System/Library/PrivateFrameworks/AudioToolboxCore.framework/Versions/A/AudioToolboxCore
0x000000019b523000 	/System/Library/PrivateFrameworks/caulk.framework/Versions/A/caulk
0x00000001a05c3000 	/usr/lib/libAudioStatistics.dylib
0x00000001b2a94000 	/System/Library/PrivateFrameworks/SystemPolicy.framework/Versions/A/SystemPolicy
0x00000001a0865000 	/usr/lib/libSMC.dylib
0x00000001a93da000 	/System/Library/Frameworks/CoreMIDI.framework/Versions/A/CoreMIDI
0x000000019f21f000 	/usr/lib/libAudioToolboxUtility.dylib
0x00000001ae817000 	/System/Library/PrivateFrameworks/OSAServicesClient.framework/Versions/A/OSAServicesClient
0x00000001a0d13000 	/usr/lib/libperfcheck.dylib
0x000000019e2b1000 	/System/Library/PrivateFrameworks/PlugInKit.framework/Versions/A/PlugInKit
0x000000019cc91000 	/System/Library/PrivateFrameworks/AssertionServices.framework/Versions/A/AssertionServices
0x00000001e1413000 	/System/Library/Frameworks/OpenGL.framework/Versions/A/Libraries/libGLU.dylib
0x00000001e13d2000 	/System/Library/Frameworks/OpenGL.framework/Versions/A/Libraries/libGFXShared.dylib
0x00000001e15b9000 	/System/Library/Frameworks/OpenGL.framework/Versions/A/Libraries/libGL.dylib
0x00000001e13db000 	/System/Library/Frameworks/OpenGL.framework/Versions/A/Libraries/libGLImage.dylib
0x00000001e13cf000 	/System/Library/Frameworks/OpenGL.framework/Versions/A/Libraries/libCVMSPluginSupport.dylib
0x000000021aa11000 	/usr/lib/libRosetta.dylib
0x00000001e13b8000 	/System/Library/Frameworks/OpenGL.framework/Versions/A/Libraries/libCoreVMClient.dylib
0x000000019c208000 	/System/Library/Frameworks/MetalPerformanceShaders.framework/Versions/A/Frameworks/MPSCore.framework/Versions/A/MPSCore
0x000000019d2f1000 	/System/Library/Frameworks/MetalPerformanceShaders.framework/Versions/A/Frameworks/MPSImage.framework/Versions/A/MPSImage
0x000000019ce13000 	/System/Library/Frameworks/MetalPerformanceShaders.framework/Versions/A/Frameworks/MPSNeuralNetwork.framework/Versions/A/MPSNeuralNetwork
0x000000019d1ff000 	/System/Library/Frameworks/MetalPerformanceShaders.framework/Versions/A/Frameworks/MPSMatrix.framework/Versions/A/MPSMatrix
0x000000019d011000 	/System/Library/Frameworks/MetalPerformanceShaders.framework/Versions/A/Frameworks/MPSRayIntersector.framework/Versions/A/MPSRayIntersector
0x000000019d22d000 	/System/Library/Frameworks/MetalPerformanceShaders.framework/Versions/A/Frameworks/MPSNDArray.framework/Versions/A/MPSNDArray
0x00000001f7d68000 	/System/Library/Frameworks/MetalPerformanceShaders.framework/Versions/A/Frameworks/MPSFunctions.framework/Versions/A/MPSFunctions
0x0000000192819000 	/System/Library/PrivateFrameworks/MetalTools.framework/Versions/A/MetalTools
0x000000019c28e000 	/System/Library/PrivateFrameworks/AggregateDictionary.framework/Versions/A/AggregateDictionary
0x000000019e16a000 	/usr/lib/libIOReport.dylib
0x00000001a85ca000 	/System/Library/PrivateFrameworks/ASEProcessing.framework/Versions/A/ASEProcessing
0x000000019e521000 	/System/Library/PrivateFrameworks/GraphVisualizer.framework/Versions/A/GraphVisualizer
0x0000000201e0c000 	/System/Library/PrivateFrameworks/FontServices.framework/Versions/A/FontServices
0x000000019e941000 	/System/Library/PrivateFrameworks/OTSVG.framework/Versions/A/OTSVG
0x0000000199b37000 	/System/Library/Frameworks/ApplicationServices.framework/Versions/A/Frameworks/ATS.framework/Versions/A/Resources/libFontRegistry.dylib
0x000000019e98d000 	/System/Library/PrivateFrameworks/FontServices.framework/libhvf.dylib
0x0000000201e0d000 	/System/Library/PrivateFrameworks/FontServices.framework/libXTFontStaticRegistryData.dylib
0x0000000213c2a000 	/System/Library/PrivateFrameworks/VideoToolboxParavirtualizationSupport.framework/Versions/A/VideoToolboxParavirtualizationSupport
0x000000019e37a000 	/System/Library/PrivateFrameworks/AppleVA.framework/Versions/A/AppleVA
0x00000001a0603000 	/System/Library/Frameworks/ApplicationServices.framework/Versions/A/Frameworks/ATS.framework/Versions/A/ATS
0x00000001978bb000 	/System/Library/Frameworks/ApplicationServices.framework/Versions/A/Frameworks/HIServices.framework/Versions/A/HIServices
0x000000019f378000 	/System/Library/Frameworks/ApplicationServices.framework/Versions/A/Frameworks/PrintCore.framework/Versions/A/PrintCore
0x00000001a09be000 	/System/Library/Frameworks/ApplicationServices.framework/Versions/A/Frameworks/QD.framework/Versions/A/QD
0x00000001a09b2000 	/System/Library/Frameworks/ApplicationServices.framework/Versions/A/Frameworks/ColorSyncLegacy.framework/Versions/A/ColorSyncLegacy
0x00000001a05d7000 	/System/Library/Frameworks/ApplicationServices.framework/Versions/A/Frameworks/SpeechSynthesis.framework/Versions/A/SpeechSynthesis
0x000000019f336000 	/System/Library/Frameworks/ApplicationServices.framework/Versions/A/Frameworks/ATSUI.framework/Versions/A/ATSUI
0x00000001a0945000 	/usr/lib/libcups.2.dylib
0x00000001a0d21000 	/System/Library/Frameworks/Kerberos.framework/Versions/A/Kerberos
0x00000001a0d32000 	/System/Library/Frameworks/GSS.framework/Versions/A/GSS
0x00000001a0675000 	/usr/lib/libresolv.9.dylib
0x000000019e99d000 	/System/Library/PrivateFrameworks/Heimdal.framework/Versions/A/Heimdal
0x00000001a7688000 	/System/Library/Frameworks/Kerberos.framework/Versions/A/Libraries/libHeimdalProxy.dylib
0x00000001a0d82000 	/System/Library/PrivateFrameworks/CommonAuth.framework/Versions/A/CommonAuth
0x00000001f5bd4000 	/System/Library/Frameworks/AVFAudio.framework/Versions/A/AVFAudio
0x00000001ae866000 	/System/Library/PrivateFrameworks/AXCoreUtilities.framework/Versions/A/AXCoreUtilities
0x00000001a054f000 	/System/Library/PrivateFrameworks/AudioSession.framework/Versions/A/AudioSession
0x00000001a1ae6000 	/System/Library/Frameworks/IOBluetooth.framework/Versions/A/IOBluetooth
0x000000019e47b000 	/System/Library/PrivateFrameworks/MediaExperience.framework/Versions/A/MediaExperience
0x00000001a03ea000 	/System/Library/PrivateFrameworks/AudioSession.framework/libSessionUtility.dylib
0x00000001a09ca000 	/System/Library/PrivateFrameworks/AudioResourceArbitration.framework/Versions/A/AudioResourceArbitration
0x00000001a49c7000 	/System/Library/PrivateFrameworks/PowerLog.framework/Versions/A/PowerLog
0x00000001a4909000 	/System/Library/Frameworks/CoreBluetooth.framework/Versions/A/CoreBluetooth
0x00000001a7689000 	/System/Library/Frameworks/AudioUnit.framework/Versions/A/AudioUnit
0x000000019caf4000 	/System/Library/PrivateFrameworks/CoreUtils.framework/Versions/A/CoreUtils
0x0000000200811000 	/System/Library/PrivateFrameworks/CoreUtilsExtras.framework/Versions/A/CoreUtilsExtras
0x00000002055c3000 	/System/Library/PrivateFrameworks/IO80211.framework/Versions/A/IO80211
0x000000019e3eb000 	/System/Library/PrivateFrameworks/IconFoundation.framework/Versions/A/IconFoundation
0x00000001a39dd000 	/System/Library/PrivateFrameworks/SpeechRecognitionCore.framework/Versions/A/SpeechRecognitionCore
0x0000000103750000 	/Library/Java/JavaVirtualMachines/zulu-15.jdk/Contents/Home/lib/server/libjvm.dylib
0x00000001028c8000 	/Library/Java/JavaVirtualMachines/zulu-15.jdk/Contents/Home/lib/libjimage.dylib
0x00000001029a4000 	/Library/Java/JavaVirtualMachines/zulu-15.jdk/Contents/Home/lib/libjdwp.dylib
0x00000001029ec000 	/Library/Java/JavaVirtualMachines/zulu-15.jdk/Contents/Home/lib/libjava.dylib
0x0000000103484000 	/Library/Java/JavaVirtualMachines/zulu-15.jdk/Contents/Home/lib/libdt_socket.dylib
0x00000001034b8000 	/Library/Java/JavaVirtualMachines/zulu-15.jdk/Contents/Home/lib/libnio.dylib
0x0000000103700000 	/Library/Java/JavaVirtualMachines/zulu-15.jdk/Contents/Home/lib/libnet.dylib
0x00000001034d8000 	/Library/Java/JavaVirtualMachines/zulu-15.jdk/Contents/Home/lib/libzip.dylib
0x0000000103724000 	/Library/Java/JavaVirtualMachines/zulu-15.jdk/Contents/Home/lib/libverify.dylib
0x0000000103498000 	/Library/Java/JavaVirtualMachines/zulu-15.jdk/Contents/Home/lib/libmanagement.dylib
0x000000011c348000 	/Library/Java/JavaVirtualMachines/zulu-15.jdk/Contents/Home/lib/libmanagement_ext.dylib
0x000000011c35c000 	/Library/Java/JavaVirtualMachines/zulu-15.jdk/Contents/Home/lib/libextnet.dylib


VM Arguments:
jvm_args: -agentlib:jdwp=transport=dt_socket,server=n,suspend=y,address=127.0.0.1:52770 -Dfile.encoding=UTF-8 -Duser.country=KR -Duser.language=ko -Duser.variant 
java_command: refrigerator.back.BackApplication
java_class_path (initial): /Users/xiu0327/portfolio/2023-refrigerator-recipe/back/build/classes/java/main:/Users/xiu0327/portfolio/2023-refrigerator-recipe/back/build/resources/main:/Users/xiu0327/.gradle/caches/modules-2/files-2.1/org.springframework.boot/spring-boot-starter-web/2.7.9/e745a069e2b7ca51e378fcbc397d14dd82178199/spring-boot-starter-web-2.7.9.jar:/Users/xiu0327/.gradle/caches/modules-2/files-2.1/org.springframework.boot/spring-boot-starter-json/2.7.9/671b3611eeb2fb315281ae17242ef082666e4262/spring-boot-starter-json-2.7.9.jar:/Users/xiu0327/.gradle/caches/modules-2/files-2.1/io.jsonwebtoken/jjwt-jackson/0.11.2/bff0b63d4cbace7b38551a70350875e69201ffeb/jjwt-jackson-0.11.2.jar:/Users/xiu0327/.gradle/caches/modules-2/files-2.1/com.fasterxml.jackson.datatype/jackson-datatype-jdk8/2.13.5/1278f38160812811c56eb77f67213662ed1c7a2e/jackson-datatype-jdk8-2.13.5.jar:/Users/xiu0327/.gradle/caches/modules-2/files-2.1/com.fasterxml.jackson.module/jackson-module-parameter-names/2.13.5/a401a99e7a45450fd3ef76e82ba39005fd1a8c22/jackson-module-parameter-names-2.13.5.jar:/Users/xiu0327/.gradle/caches/modules-2/files-2.1/com.fasterxml.jackson.core/jackson-databind/2.13.5/aa95e46dbc32454f3983221d420e78ef19ddf844/jackson-databind-2.13.5.jar:/Users/xiu0327/.gradle/caches/modules-2/files-2.1/com.fasterxml.jackson.core/jackson-annotations/2.13.5/136f77ab424f302c9e27230b4482e8000e142edf/jackson-annotations-2.13.5.jar:/Users/xiu0327/.gradle/caches/modules-2/files-2.1/com.fasterxml.jackson.core/jackson-core/2.13.5/d07c97d3de9ea658caf1ff1809fd9de930a286a/jackson-core-2.13.5.jar:/Users/xiu0327/.gradle/caches/modules-2/files-2.1/com.fasterxml.jackson.datatype/jackson-datatype-jsr310/2.13.5/8ba3b868e81d7fc6ead686bd2353859b111d9eaf/jackson-datatype-jsr310-2.13.5.jar:/Users/xiu0327/.gradle/caches/modules-2/files-2.1/org.springframework.boot/spring-boot-starter-data-jpa/2.7.9/5af4a206fd4eaac881b7d96ca1ef19b2111a355c/spring-boot-starter-data-jpa-2.7.9.jar:/Users/xiu0327/.gradle/caches/modu
Launcher Type: SUN_STANDARD

[Global flags]
     intx CICompilerCount                          = 4                                         {product} {ergonomic}
     uint ConcGCThreads                            = 2                                         {product} {ergonomic}
     uint G1ConcRefinementThreads                  = 8                                         {product} {ergonomic}
   size_t G1HeapRegionSize                         = 2097152                                   {product} {ergonomic}
    uintx GCDrainStackTargetSize                   = 64                                        {product} {ergonomic}
   size_t InitialHeapSize                          = 268435456                                 {product} {ergonomic}
   size_t MarkStackSize                            = 4194304                                   {product} {ergonomic}
   size_t MaxHeapSize                              = 4294967296                                {product} {ergonomic}
   size_t MaxNewSize                               = 2575302656                                {product} {ergonomic}
   size_t MinHeapDeltaBytes                        = 2097152                                   {product} {ergonomic}
   size_t MinHeapSize                              = 8388608                                   {product} {ergonomic}
    uintx NonNMethodCodeHeapSize                   = 5839564                                {pd product} {ergonomic}
    uintx NonProfiledCodeHeapSize                  = 122909338                              {pd product} {ergonomic}
    uintx ProfiledCodeHeapSize                     = 122909338                              {pd product} {ergonomic}
    uintx ReservedCodeCacheSize                    = 251658240                              {pd product} {ergonomic}
     bool SegmentedCodeCache                       = true                                      {product} {ergonomic}
   size_t SoftMaxHeapSize                          = 4294967296                             {manageable} {ergonomic}
     bool UseCompressedClassPointers               = true                                 {lp64_product} {ergonomic}
     bool UseCompressedOops                        = true                                 {lp64_product} {ergonomic}
     bool UseG1GC                                  = true                                      {product} {ergonomic}
     bool UseNUMA                                  = false                                     {product} {ergonomic}
     bool UseNUMAInterleaving                      = false                                     {product} {ergonomic}

Logging:
Log output configuration:
 #0: stdout all=warning uptime,level,tags
 #1: stderr all=off uptime,level,tags

Environment Variables:
JAVA_HOME=/Library/Java/JavaVirtualMachines/zulu-15.jdk/Contents/Home
PATH=/Users/xiu0327/.gem/bin:/Users/xiu0327/.nvm/versions/node/v16.6.1/bin:/Users/xiu0327/miniforge3/condabin:/Users/xiu0327/.gem/bin:/usr/local/bin:/System/Cryptexes/App/usr/bin:/usr/bin:/bin:/usr/sbin:/sbin:/Library/TeX/texbin:/Library/Apple/usr/bin:/Users/xiu0327/.cargo/bin:/Users/xiu0327/Library/Android/sdk/emulator:/Users/xiu0327/Library/Android/sdk/tools:/Users/xiu0327/Library/Android/sdk/tools/bin:/Users/xiu0327/Library/Android/sdk/platform-tools:/Library/Java/JavaVirtualMachines/zulu-15.jdk/Contents/Home/bin:
SHELL=/bin/zsh
LC_CTYPE=ko_KR.UTF-8

Signal Handlers:
SIGSEGV: [libjvm.dylib+0x921ea8], sa_mask[0]=11111111011111110111111111111111, sa_flags=SA_ONSTACK|SA_RESTART|SA_SIGINFO
SIGBUS: [libjvm.dylib+0x921ea8], sa_mask[0]=11111111011111110111111111111111, sa_flags=SA_RESTART|SA_SIGINFO
SIGFPE: [libjvm.dylib+0x921ea8], sa_mask[0]=11111111011111110111111111111111, sa_flags=SA_RESTART|SA_SIGINFO
SIGPIPE: [libjvm.dylib+0x7133a4], sa_mask[0]=11111111011111110111111111111111, sa_flags=SA_RESTART|SA_SIGINFO
SIGXFSZ: [libjvm.dylib+0x7133a4], sa_mask[0]=11111111011111110111111111111111, sa_flags=SA_RESTART|SA_SIGINFO
SIGILL: [libjvm.dylib+0x921ea8], sa_mask[0]=11111111011111110111111111111111, sa_flags=SA_RESTART|SA_SIGINFO
SIGUSR2: [libjvm.dylib+0x713dd8], sa_mask[0]=00100000000000000000000000000000, sa_flags=SA_RESTART|SA_SIGINFO
SIGHUP: [libjvm.dylib+0x71241c], sa_mask[0]=11111111011111110111111111111111, sa_flags=SA_RESTART|SA_SIGINFO
SIGINT: [libjvm.dylib+0x71241c], sa_mask[0]=11111111011111110111111111111111, sa_flags=SA_RESTART|SA_SIGINFO
SIGTERM: [libjvm.dylib+0x71241c], sa_mask[0]=11111111011111110111111111111111, sa_flags=SA_RESTART|SA_SIGINFO
SIGQUIT: [libjvm.dylib+0x71241c], sa_mask[0]=11111111011111110111111111111111, sa_flags=SA_RESTART|SA_SIGINFO


---------------  S Y S T E M  ---------------

OS:uname: Darwin 22.2.0 Darwin Kernel Version 22.2.0: Fri Nov 11 02:04:44 PST 2022; root:xnu-8792.61.2~4/RELEASE_ARM64_T8103 arm64
OS uptime: 0 days 0:51 hours
rlimit (soft/hard): STACK 8176k/65520k , CORE 0k/infinity , NPROC 2666/4000 , NOFILE 10240/infinity , AS infinity/infinity , CPU infinity/infinity , DATA infinity/infinity , FSIZE infinity/infinity , MEMLOCK infinity/infinity , RSS infinity/infinity
load average: 2.89 2.92 2.85

CPU: total 8 (initial active 8) 0x61:0x0:0x1b588bb3:0, simd, crc, lse

Memory: 16k page, physical 16777216k(70000k free), swap 2097152k(785984k free)

vm_info: OpenJDK 64-Bit Server VM (15.0.5+3-MTS) for bsd-aarch64 JRE (15.0.5+3-MTS) (Zulu15.36+13-CA), built on Oct  8 2021 04:00:01 by "zulu_re" with clang Apple LLVM 12.0.0 (clang-1200.0.32.28)

END.
